# callgrind format
version: 1
creator: callgrind-3.21.0
pid: 40053
cmd:  zig-out/bin/nya 10000000
part: 1


desc: I1 cache: 32768 B, 64 B, 8-way associative
desc: D1 cache: 32768 B, 64 B, 8-way associative
desc: LL cache: 16777216 B, 64 B, direct-mapped

desc: Timerange: Basic block 0 - 77021717
desc: Trigger: Program termination

positions: instr line
events: Ir Dr Dw I1mr D1mr D1mw ILmr DLmr DLmw
summary: 404595358 72837596 64360937 344 54179 1977 344 50 1961


ob=(1) /home/sleepy/toy/nya/zig-nya/zig-out/bin/nya
fl=(27) /usr/lib/zig/std/math/frexp.zig
fn=(108) math.frexp.frexp64
0x233850 75 1 0 1 1 0 0 1
+1 * 1
+4 +3 1
+5 -78 1
+3 79 1
+3 * 1
+4 +2 1
+5 * 1
+2 * 1
+5 * 1
jcnd=1/1 +60 -81 
* * 
+60 -81 1 0 0 1 0 0 1
+10 0 1
+10 105 1 0 0 1 0 0 1
+5 +1 1
+3 +1 1
+3 +2 1 0 1
+3 0 1
+2 0 1 0 1
+3 0 1 0 1
+3 0 1
+4 0 1 1
+1 0 1 1

fl=(4) /usr/lib/zig/compiler_rt/memcpy.zig
fn=(8) memcpy
0x23e5e0 11 3335337 0 0 1 0 0 1
+3 +3 3335337
+3 * 3335337
jcnd=4/3335337 0x23e6c3 +13 
* * 
+6 +5 3335333 3335333 0 0 49430 0 0 2
+3 * 3335333 0 3335333 0 0 872 0 0 870
+2 +2 3335333
+3 * 3335333
+3 * 3335333
jcnd=1/3335333 0x23e6c3 +6 
* * 
+6 * 3335332 0 0 1 0 0 1
+4 * 3335332
jcnd=2012646/3335332 +16 * 
* * 
+2 -21 1322686
+3 0 1322686
+3 0 1322686
+3 0 1322686
jump=1322686 0x23e6aa 0 
* 0 
-3 0 1
+3 0 1
jump=1 0x23e6aa 0 
* 0 
+5 21 2012646
+7 * 2012646
jcnd=4/2012646 +6 * 
* * 
+2 -21 2012642
+2 0 2012642
jump=2012642 +87 21 
* 0 
+2 21 4
+3 * 4
+4 * 4
+2 * 4
+9 -2 4 4
+6 * 4 4 0 0 4
+6 * 4 4
+6 * 4 4
+6 * 4 0 4
+6 * 4 0 4 0 0 4 0 0 4
+6 * 4 0 4
+6 * 4 0 4 0 0 4 0 0 4
+6 * 4
+4 * 4
+3 * 4
jcnd=4/4 -55 * 
* * 
-55 * 46 46
+6 * 46 46
+6 * 46 46
+6 * 46 46
+6 * 46 0 46
+6 * 46 0 46 0 0 46 0 0 46
+6 * 46 0 46
+6 * 46 0 46 0 0 46 0 0 46
+6 * 46
+4 * 46
+3 * 46
jcnd=42/46 -55 * 
* * 
+2 +2 4
+3 * 4
+2 * 4
+3 * 4
jcnd=1/4 +86 -21 
* * 
+2 * 2012645 0 0 1 0 0 1
+3 * 2012645
+4 * 2012645
+2 * 2012645
+3 * 2012645
+4 * 2012645
+4 * 2012645
+9 -2 2012645 2012645
+6 * 2012645 0 2012645 0 0 8 0 0 8
+6 * 2012645
+4 * 2012645
+3 * 2012645
jcnd=4/2012645 -19 * 
* * 
-19 * 17 17
+6 * 17 0 17 0 0 3 0 0 3
+6 * 17
+4 * 17
+3 * 17
jcnd=13/17 -19 * 
* * 
+2 +2 2012645
+3 * 2012645
jcnd=42/2012645 +27 +6 
* * 
+2 -21 3335290 0 0 1 0 0 1
+2 0 3335290
+4 19 3335290 3335290
+6 * 3335290 0 3335290 0 0 3 0 0 3
+5 +2 3335290
+3 * 3335290
+3 * 3335290
jcnd=3335253/3335290 -17 -2 
* * 
-17 -2 46677525 46677525
+6 * 46677525 0 46677525 0 0 17 0 0 16
+5 +2 46677525
+3 * 46677525
+3 * 46677525
jcnd=43342272/46677525 -17 -2 
* * 
+2 +6 3335337
+3 * 3335337 3335337
+1 -27 1
+3 0 1
+3 0 1
+3 0 1
+3 0 1
+3 0 1
jump=1 0x23e609 0 
* 0 

fl=(6) /usr/lib/zig/std/os/linux.zig
fn=(18) os.linux.init_vdso_clock_gettime
0x21b1f0 990 1 0 1 1 0 0 1
+1 * 1 0 1
+2 * 1 0 1
+2 * 1 0 1
+2 * 1 0 1
+2 * 1 0 1
+1 159 1 1 0 1 0 0 1
+7 * 1
+3 * 1
+6 +2 1 1
+3 * 1
+3 * 1
+6 +1 1
+4 * 1
+6 * 1
+4 * 1
-4 * 21
+4 * 21
+2 -1 22 22
+3 * 22
+4 * 22
+3 * 22
jcnd=21/22 -16 +1 
* * 
+2 * 1
jump=1 0x21b78e 994 
* * 
0x21b78e 994 1 0 1 1 0 0 1
+11 0 1
+7 0 1 1
+1 0 1 1
+2 0 1 1
+2 0 1 1
+2 0 1 1
+2 0 1 1
+1 0 1 1

fl=(14) /usr/lib/zig/std/heap/general_purpose_allocator.zig
fn=(44) heap.general_purpose_allocator.GeneralPurposeAllocator(.{.stack_trace_frames = 0, .enable_memory_limit = false, .safety = false, .thread_safe = true, .MutexType = null, .never_unmap = false, .retain_metadata = false, .verbose_log = false}).resize
0x219180 669 558 0 558 1 0 0 1
+1 * 558 0 558
+2 * 558 0 558
+2 * 558 0 558
+2 * 558 0 558
+2 * 558 0 558
+1 * 558
+4 * 558 0 558
+5 +3 558
+7 0 558
+3 0 558
+2 0 558
+3 0 558
+3 0 558
fi=(28) /usr/lib/zig/std/atomic/Atomic.zig
+3 153 558 558 558
fi=(15) /usr/lib/zig/std/Thread/Mutex.zig
+9 +25 558
fe=(14)
+6 677 558
+2 0 558
+5 677 558 0 0 1 0 0 1
+3 * 558
+5 * 558
+3 * 558
+3 * 558
+4 +1 558
+7 * 558
jfi=(16) /usr/lib/zig/std/math.zig
jcnd=556/558 0x21924a 1219 
* * 
+2 532 2
+5 * 2
+5 * 2
+3 0 2 0 2
+4 532 2 0 2
cfi=(19) /usr/lib/zig/std/hash_map.zig
cfn=(72) hash_map.HashMapUnmanaged(usize,heap.general_purpose_allocator.GeneralPurposeAllocator(.{.stack_trace_frames = 0, .enable_memory_limit = false, .safety = false, .thread_safe = true, .MutexType = null, .never_unmap = false, .retain_metadata = false, .verbose_log = false}).LargeAlloc,hash_map.AutoContext(usize),80).getEntry
calls=2 0x2197c0 1177 
* * 130 32 20 5 4 0 5
fi=(13) /usr/lib/zig/std/mem/Allocator.zig
+5 92 2
+3 * 2 2
fe=(14)
+5 578 2 2
+4 * 2 2
+5 -42 2 2 0 1 0 0 1
fi=(13)
+5 92 2
+3 * 2
+3 * 2
+3 * 2
+3 * 2 2 2
cfi=(12) /usr/lib/zig/std/mem.zig
cfn=(76) heap.PageAllocator.resize
calls=2 0x218b50 4242 
* * 21 2
+3 * 2
+3 * 2
+2 * 2
jfi=(14)
jcnd=1/2 +10 -92 
* * 
fe=(14)
+2 594 1 0 1
+4 * 1 0 1
+4 0 1 1
+4 0 1
fi=(28)
+2 153 1 1 1
fi=(15)
+2 +68 1
+3 * 1
jfi=(14)
jcnd=1/1 0x2193a9 0 
* * 
fe=(14)
-11 0 1 1
+4 0 1
fi=(28)
+2 153 1 1 1
fi=(15)
+2 +68 1
+3 * 1
jfi=(14)
jcnd=1/1 0x2193a9 0 
* * 
fi=(16)
+28 1219 556 0 0 1 0 0 1
+3 0 556
+3 1219 556
+5 +13 556
+3 * 556
+5 * 556
+2 * 556
+4 * 556
+4 +53 556
fi=(29) /usr/lib/zig/std/math/log2.zig
+5 39 556
fe=(14)
+4 685 556
+4 * 556
jcnd=556/556 0x219300 +1 
* * 
0x219300 +1 556 556 0 1 0 0 1
+5 510 556
+3 * 556
+2 0 556
+3 0 556
jump=556 +11 513 
* 0 
+11 513 556 556 0 0 5
+4 * 556
+3 * 556
+2 0 556
+7 513 556
+3 * 556
+2 688 556 0 556
+5 0 556 556
+5 759 556
+3 * 556
+4 0 556
fi=(16)
+2 1219 556 0 0 1 0 0 1
+3 * 556
+5 +13 556
+2 * 556
+5 * 556
+5 * 556
fe=(14)
+2 673 556 556 556
fi=(16)
+8 1232 556
+3 * 556
+5 * 556
fe=(14)
+4 761 556
+3 * 556
jfi=(5) /usr/lib/zig/std/os/linux/x86_64.zig
jcnd=1/556 +32 0 
* * 
+2 -88 555
fi=(15)
+3 221 555
jfi=(5)
jcnd=555/555 +22 0 
* * 
fi=(5)
+22 0 555 0 0 1 0 0 1
+3 0 555
jfi=(14)
jump=555 +30 0 
* 0 
+2 0 1
fe=(14)
+3 673 1
fi=(15)
+3 221 1
jfi=(14)
jcnd=1/1 +22 0 
* * 
fe=(14)
+22 0 558
+3 0 558
+4 0 558 558
+1 0 558 558
+2 0 558 558
+2 0 558 558
+2 0 558 558
+2 0 558 558
+1 0 558 558

fn=(30) heap.general_purpose_allocator.GeneralPurposeAllocator(.{.stack_trace_frames = 0, .enable_memory_limit = false, .safety = false, .thread_safe = true, .MutexType = null, .never_unmap = false, .retain_metadata = false, .verbose_log = false}).alloc
0x218bc0 938 1246 0 1246 1 0 0 1
+1 * 1246 0 1246
+2 * 1246 0 1246
+2 * 1246 0 1246
+2 * 1246 0 1246
+2 * 1246 0 1246
+1 * 1246
fi=(28)
+4 153 1246 1246 1246
fe=(14)
+9 940 1246
+7 0 1246
+3 0 1246
+3 0 1246
+2 0 1246
+3 0 1246 0 1246 0 0 1 0 0 1
fi=(15)
+4 178 1246
+6 0 1246
+5 0 1246 0 1246
fe=(14)
+5 952 1246 0 0 1 0 0 1
+5 * 1246
+3 * 1246
+4 +1 1246
+7 * 1246
jfi=(16)
jcnd=1244/1246 0x218d25 1219 
* * 
fi=(19)
+6 1465 2 2
+4 * 2
jcnd=1/2 0x2190b2 -6 
* * 
fe=(14)
+6 955 2 2
+3 * 2 2
+4 0 2
fi=(13)
+3 86 2
+3 * 2
+3 * 2
+3 * 2 2 2
cfi=(17) /usr/lib/zig/std/heap/PageAllocator.zig
cfn=(38) heap.PageAllocator.alloc
calls=2 0x218ae0 -71 
* * 46 6 4
+2 -86 2 2
+4 86 2
+3 * 2 0 0 1 0 0 1
+6 -86 2
+3 0 2
fi=(30) /usr/lib/zig/std/hash/wyhash.zig
+10 130 2
+6 * 2
+10 0 2
+10 168 2
+3 +1 2
+3 -35 2
+5 +37 2
+3 * 2
+3 -37 2
+5 +9 2 0 0 1 0 0 1
fi=(19)
+3 1325 2 2
+4 957 2
+3 * 2
+6 +2 2 2
+3 798 2
+3 1325 2
+3 * 2
+4 * 2
+4 +3 2
+3 798 2
+4 1332 2 2
+5 792 2
+3 1332 2
jcnd=2/2 0x218f3a 0 
* * 
fi=(16)
0x218d25 1219 1244 0 0 1 0 0 1
+3 0 1244
+2 0 1244
+3 1219 1244
+5 +13 1244
+2 * 1244
+5 * 1244
+3 * 1244
+4 +53 1244 0 0 1 0 0 1
fi=(29)
+5 39 1244
fe=(14)
+4 474 1244 1244 0 0 1 0 0 1
+5 * 1244 0 1244
+5 * 1244
+3 * 1244
jfi=(13)
jcnd=355/1244 0x218e8e 193 
* * 
+6 +5 889
+5 * 889
+2 * 889
+3 * 889
+3 +1 889 889 0 0 87
+5 * 889 0 889
+5 * 889
+3 * 889
jcnd=739/889 0x219012 0 
* * 
+6 0 150
+3 0 150 0 0 1 0 0 1
+4 0 150
+5 0 150
+3 0 150
+6 0 150
+7 0 150
+4 0 150
+5 0 150
+4 0 150 0 150
+5 0 150 0 150
+5 0 150
fi=(13)
+3 220 150
+6 0 150
+3 0 150 0 150
+5 0 150 0 0 1 0 0 1
jfi=(14)
jump=150 +32 482 
* 0 
fe=(14)
+16 480 156 156 0 0 6
+4 * 156
+3 * 156
+3 * 156
jcnd=150/156 0x219015 0 
* * 
+6 +2 156 156
+4 +1 156
+3 * 156
jcnd=6/156 -23 -3 
* * 
fi=(13)
+2 193 150 150
+5 * 150 150
+3 * 150 150
+4 86 150
+5 * 150
+5 * 150 0 0 1 0 0 1
+3 * 150
+3 * 150 150 150
cfi=(17)
cfn=(38)
calls=150 0x218ae0 -71 
* * 3450 450 300
+2 -86 150 150
+4 86 150
+3 205 150
+6 * 150
+3 -12 150 150
+4 * 150 150
+5 0 150 150
+5 86 150
+5 * 150
+3 * 150 150 150
cfi=(17)
cfn=(38)
calls=150 0x218ae0 -71 
* * 3450 450 300
+2 * 150
+3 * 150
+6 205 150
fe=(14)
+3 1006 150 0 150 0 0 150 0 0 150
+4 +3 150 0 150 1 0 0 1
+4 * 150 0 150
+7 * 150 150
+5 * 150 150
+5 253 150
+3 * 150
+4 1015 150
+2 -2 150 0 150
+5 +2 150 0 150
cfi=(3) /usr/lib/zig/compiler_rt/memset.zig
cfn=(6) memset
calls=150 0x23e6e0 12 
* * 6528 150 1172
+5 486 150 0 150
+4 * 150
+3 * 150
+3 0 150 150
+5 487 150 150
+4 * 150 0 150
+4 +1 150 0 150
+4 +1 150 150
+4 * 150 0 150
+3 * 150
jump=150 0x218dd0 -9 
* * 
fi=(13)
+5 193 355 355 0 1 0 0 1
+5 * 355 355 0 0 1 0 0 1
+3 * 355 355
+4 86 355
+5 * 355
+5 * 355
+3 * 355 355 355 0 1 0 0 1
cfi=(17)
cfn=(38)
calls=355 0x218ae0 -71 
* * 8165 1065 710 3 1 0 3 1
+2 -86 355 355
+4 86 355
+3 205 355
+6 * 355
fe=(14)
+3 324 355
+5 * 355
+2 * 355 0 0 1 0 0 1
+5 * 355
+3 0 355
+3 0 355
+4 324 355
fi=(12)
+3 4242 355
+3 4373 355
fe=(14)
+5 325 355
fi=(12)
+7 4373 355
fi=(13)
+4 220 355
+3 * 355
+6 -27 355 355
+3 * 355 355
+4 86 355
+5 * 355
+3 * 355 355 355
cfi=(17)
cfn=(38)
calls=355 0x218ae0 -71 
* * 8165 1065 710
+2 -86 355 355 0 1 0 0 1
+4 86 355
+3 * 355
+3 * 355
jfi=(15)
jcnd=355/355 0x218fc0 -86 
* * 
fi=(19)
+49 -86 2
+3 0 2 2 0 1 0 0 1
+5 1359 2
+3 * 2
+4 803 2
+3 1365 2 0 2
+4 803 2 0 2
+3 1369 2
+3 * 2
+4 -1 2 2
+4 * 2 2
+4 +1 2 2
+4 +3 2 0 2
+4 -62 2 0 2 0 0 1 0 0 1
fe=(14)
+4 966 2 0 2 0 0 2 0 0 2
+3 * 2 0 2
+4 0 2
fi=(28)
+2 153 2 2 2
fi=(15)
+2 +68 2
+3 * 2 0 0 1 0 0 1
+6 * 2
jfi=(5)
jump=2 0x219160 0 
* * 
+62 0 355 355 0 1 0 0 1
fe=(14)
+5 1006 355 0 355 0 0 355 0 0 355
+3 * 355 0 355
+4 +3 355 0 355
+4 * 355 0 355
+8 325 355
+7 -72 355
+4 1013 355 0 355
+5 * 355
+5 325 355
+4 1015 355
+2 * 355
+3 * 355 0 355
cfi=(3)
cfn=(6)
calls=355 0x23e6e0 12 
* * 13340 355 1395 0 0 343 0 0 343
+5 * 355 355
+4 480 355 355 0 1 0 0 1
+5 * 355 0 355
+5 * 355
+3 * 355
+6 0 1094
+3 0 1094 1094
+5 0 1094 1094
+5 0 1094
+2 0 1094 1094
+5 493 1094 0 1094
+5 +2 1094 1094
+4 +1 1094
+3 +7 1094
+4 -7 1094
+6 * 1094 0 1094
+4 +4 1094 0 0 1 0 0 1
+2 -2 1094
+4 +2 1094
+3 * 1094
+2 * 1094 0 1094
+4 +1 1094 1094
+4 * 1094
+2 * 1094
+5 * 1094 0 1094
+4 +2 1094 1094
+4 0 1094
fi=(28)
+2 153 1094 1094 1094
fi=(15)
+2 +68 1094
+3 * 1094
jfi=(5)
jcnd=1094/1094 0x219160 0 
* * 
fe=(14)
-84 0 150 150
+5 0 150 150
+5 0 150
+2 0 150 150
+5 493 150 0 150
+5 +2 150 150
+4 +1 150
+3 +7 150
+4 -7 150
+6 * 150 0 150
+4 +4 150
+2 -2 150
+4 +2 150
+3 * 150
+2 * 150 0 150
+4 +1 150 150
+4 * 150
+2 * 150
+5 * 150 0 150
+4 +2 150 150
+4 0 150
fi=(28)
+2 153 150 150 150
fi=(15)
+2 +68 150
+3 * 150
jfi=(5)
jcnd=150/150 0x219160 0 
* * 
fi=(19)
+73 1459 1 1 0 1 0 0 1
+4 0 1
+5 957 1
+3 * 1
jfi=(16)
jcnd=1/1 +55 1219 
* * 
fi=(16)
+55 1219 1 0 0 1 0 0 1
+4 0 1
fi=(19)
+5 1466 1 0 0 1 0 0 1
fi=(16)
+4 1232 1
+3 * 1
+2 * 1
fi=(19)
+5 1466 1 0 1
cfn=(66) hash_map.HashMapUnmanaged(usize,heap.general_purpose_allocator.GeneralPurposeAllocator(.{.stack_trace_frames = 0, .enable_memory_limit = false, .safety = false, .thread_safe = true, .MutexType = null, .never_unmap = false, .retain_metadata = false, .verbose_log = false}).LargeAlloc,hash_map.AutoContext(usize),80).grow
calls=1 0x23cde0 +42 
* * 130 17 25 7 0 3 7 0 3
+5 0 1 1
fe=(14)
+4 954 1
+3 * 1
+2 * 1
jump=1 0x218c20 +1 
* * 
fi=(5)
+70 0 1246 0 0 1 0 0 1
+3 0 1246
+4 0 1246 1246
+1 0 1246 1246
+2 0 1246 1246
+2 0 1246 1246
+2 0 1246 1246
+2 0 1246 1246
+1 0 1246 1246
fe=(14)

fn=(50) heap.general_purpose_allocator.GeneralPurposeAllocator(.{.stack_trace_frames = 0, .enable_memory_limit = false, .safety = false, .thread_safe = true, .MutexType = null, .never_unmap = false, .retain_metadata = false, .verbose_log = false}).free
0x2193d0 788 1246 0 1246 1 0 0 1
+1 * 1246 0 1246
+2 * 1246 0 1246
+2 * 1246 0 1246
+2 * 1246 0 1246
+2 * 1246 0 1246
+1 * 1246 0 1246
fi=(28)
+1 153 1246 1246 1246
fe=(14)
+9 791 1246
+7 0 1246
+2 0 1246
+3 0 1246
+3 0 1246
fi=(15)
+3 178 1246
fe=(14)
+6 796 1246
+2 0 1246 0 0 1 0 0 1
+5 796 1246
+4 * 1246
+5 * 1246
+3 * 1246
+4 +1 1246
+7 * 1246
jfi=(16)
jcnd=1244/1246 +63 1219 
* * 
+2 +1 2
+4 * 2
+3 * 2
+3 * 2
+3 * 2 0 2
cfn=(80) heap.general_purpose_allocator.GeneralPurposeAllocator(.{.stack_trace_frames = 0, .enable_memory_limit = false, .safety = false, .thread_safe = true, .MutexType = null, .never_unmap = false, .retain_metadata = false, .verbose_log = false}).freeLarge
calls=2 0x219620 606 
* * 296 72 42 4 4 0 4 1
+5 0 2
fi=(28)
+2 153 2 2 2
fi=(15)
+7 +68 2
+3 * 2
jfi=(14)
jcnd=2/2 0x21960b 792 
* * 
fi=(16)
+31 1219 1244 0 0 1 0 0 1
+3 0 1244
+2 0 1244 0 1244
+4 1232 1244
+5 -13 1244
+5 +13 1244
+2 * 1244
+5 * 1244
+3 * 1244
+4 +53 1244
fi=(29)
+5 39 1244 0 0 1 0 0 1
fe=(14)
+4 805 1244
+4 * 1244
jcnd=1244/1244 +85 +1 
* * 
+85 +1 1244 1244 0 1 0 0 1
+5 510 1244
+3 * 1244
+2 0 1244
+3 0 1244
jump=1244 +15 513 
* 0 
+7 516 1 1
+3 +1 1
+3 * 1
+2 -4 1245 1245 0 0 4
+4 * 1245
+3 * 1245 0 0 1 0 0 1
jcnd=1/1245 -15 +3 
* * 
+2 0 1244
+7 513 1244
+3 * 1244
+2 808 1244 0 1244
+5 +20 1244
+2 +1 1244
+5 * 1244
+3 -1 1244
+3 -1 1244 1244
+4 +1 1244
+3 * 1244
+3 +1 1244
+5 +51 1244
+2 * 1244
+3 * 1244 0 1244
+5 +1 1244 1244
+5 * 1244
+2 * 1244 0 0 1 0 0 1
+5 * 1244 0 1244
+5 +1 1244
jfi=(13)
jcnd=739/1244 0x2195ed 0 
* * 
+6 +1 505 505
+4 * 505
+3 * 505
jfi=(15)
jcnd=355/505 +43 0 
* * 
+2 +4 150 150
+3 * 150 0 150 0 0 1
+3 +1 150 150
+3 * 150 150
+4 * 150 0 150 0 0 3
+4 +1 150 150
+3 * 150
jfi=(15)
jump=150 +23 0 
* * 
fi=(15)
+21 0 355 0 0 1 0 0 1
+2 0 355 0 355
fi=(13)
+5 98 355
+5 * 355
+5 341 355 355
fe=(14)
+5 892 355 355
+4 * 355 355
+3 * 355 355
fi=(13)
+4 98 355
+3 * 355 355 355 0 1 0 0 1
cfi=(17)
cfn=(56) heap.PageAllocator.free
calls=355 0x218ba0 +1 
* * 2130 355 0 1 0 0 1
fi=(15)
-34 -98 150 0 150
fi=(13)
+5 98 150
+5 * 150
+5 341 150 150
fe=(14)
+5 892 150 150
+4 * 150 150
+3 * 150 150
fi=(13)
+4 98 150
+3 * 150 150 150 0 0 1
cfi=(17)
cfn=(56)
calls=150 0x218ba0 +1 
* * 900 150
fe=(14)
+3 324 505
+5 * 505
+2 * 505
+5 * 505
+3 0 505
fi=(12)
+5 4242 505
+3 * 505 0 0 1 0 0 1
+3 4373 505
fe=(14)
+5 325 505
fi=(12)
+7 4373 505
+4 4155 505
+3 * 505
fi=(13)
+4 310 505
+2 +4 505 505
+3 * 505 505
+4 98 505
+5 * 505
+3 * 505 505 505
cfi=(17)
cfn=(56)
calls=505 0x218ba0 +1 
* * 3030 505
+3 -98 1244 1244
fi=(28)
+4 153 1244 1244 1244
fi=(15)
+3 +68 1244
+4 * 1244
jfi=(14)
jcnd=1244/1244 +19 792 
* * 
fe=(14)
+19 792 1246 0 0 1 0 0 1
+4 * 1246 1246
+1 * 1246 1246
+2 * 1246 1246
+2 * 1246 1246
+2 * 1246 1246
+2 * 1246 1246
+1 * 1246 1246

fn=(80)
0x219620 606 2 0 2
+1 * 2 0 2
+2 * 2 0 2
+2 * 2 0 2
+2 * 2 0 2
+1 * 2
+4 * 2
+3 * 2
+3 +1 2
+4 * 2
+5 0 2
+3 607 2 0 0 1 0 0 1
+3 * 2
+3 0 2
+2 607 2 0 2
cfi=(19)
cfn=(72)
calls=2 0x2197c0 1177 
* * 130 32 20 0 2
+5 +33 2 2
+3 * 2 2
fi=(13)
+4 98 2
+3 * 2
+3 * 2
+2 * 2
+3 * 2 2 2
cfi=(17)
cfn=(56)
calls=2 0x218ba0 +1 
* * 12 2
fi=(19)
+3 1428 2 2
+4 1134 2 2
+4 * 2
+5 * 2
+6 * 2
+3 * 2
+6 0 2 0 0 1 0 0 1
fi=(30)
+10 130 2
+6 * 2
+10 +38 2
+3 +1 2
+3 -35 2
+5 +37 2
+3 0 2
+10 171 2
+3 -37 2
+5 +9 2
fi=(19)
+3 959 2 2
+3 0 2
+2 1146 2 0 0 1 0 0 1
+3 * 2
+4 0 2
+2 1153 2 2
+5 792 2
+3 1153 2
+2 * 2
+3 * 2
+2 0 2
+4 0 2
+3 0 2
+3 784 2
+3 1154 2
+2 0 2
+4 1154 2
+3 * 2
+2 +1 2 2
fi=(31) /usr/lib/zig/std/meta.zig
+4 804 2 2
fi=(19)
+4 1164 2
jcnd=2/2 +73 +1 
* * 
+35 +10 2 2
+3 808 2 0 2
+4 1412 2 2
+5 * 2 2 0 0 2 0 0 1
+8 * 2 0 2
fe=(14)
+5 652 2
+4 * 2 2
+1 * 2 2
+2 * 2 2
+2 * 2 2
+2 * 2 2
+1 * 2 2
fi=(19)
+1 1165 2 0 2 1 0 0 1
+5 * 2 0 2
+5 * 2
+5 +9 2 2
+4 * 2
jcnd=2/2 -57 * 
* * 
fe=(14)

fl=(26) /usr/lib/zig/std/fmt/errol.zig
fn=(106) fmt.errol.errolSlow
0x219f60 112 1 0 1 1 0 0 1
+2 * 1 0 1
+1 * 1
+4 * 1
+3 * 1
+5 * 1
+3 * 1 0 1
fi=(27)
+5 -82 1 0 1 0 0 1 0 0 1
cfn=(108)
calls=1 0x233850 +45 
* * 22 2 4 3 0 0 3
fe=(26)
+5 +86 1 1 0 1 0 0 1
+6 * 1
+4 * 1 1
+8 * 1 1
+8 * 1
+6 * 1
+4 +1 1
+4 * 1
+2 * 1
+3 * 1
+6 * 1
+5 * 1
+3 0 1
+3 0 1 1
+5 0 1 0 0 1 0 0 1
+5 123 1
+3 * 1
+4 +6 1
+5 -6 1 1 0 0 1 0 0 1
+8 251 1
+4 +1 1 1 0 0 1 0 0 1
+8 -20 1
+4 +15 1
+4 -14 1
+6 * 1
+4 * 1
+6 * 1
+4 * 1 0 0 1 0 0 1
+4 * 1
+4 * 1
+4 * 1 1
+8 * 1
+4 * 1
+4 * 1 1
+8 * 1
+4 +4 1 1 0 0 1 0 0 1
+8 * 1
+4 0 1 1
+8 0 1 1 0 1 0 0 1
+8 0 1
jump=1 +70 131 
* 0 
+12 269 1
+4 134 1
+4 * 1
+2 272 1
+4 +1 1
+5 -1 1
+4 +1 1
+5 +2 1
+4 -5 1
+4 +5 1
+6 * 1
+4 -15 1
+4 +1 1
+4 * 1
+4 131 1
+4 * 1
-4 * 1 0 0 1 0 0 1
+4 * 1
jcnd=1/1 -62 269 
* * 
+2 * 1
+4 * 1
jcnd=1/1 +78 0 
* * 
+78 0 1 1 0 1 0 0 1
+8 137 1
+4 * 1
+2 * 1 1
+8 * 1
jcnd=1/1 +14 416 
* * 
+14 416 1 0 0 1 0 0 1
+4 * 1 1 0 0 1 0 0 1
+8 150 1
+5 * 1
+4 260 1
+4 146 1
+4 * 1
+4 +4 1
+4 * 1
+4 -4 1
+4 * 1 1
+8 +4 1
+4 * 1 1 0 1 0 0 1
+8 -4 1
+4 260 1
+4 +1 1
+4 * 1
+4 * 1 1
+8 * 1
jump=1 0x21a1c3 158 
* * 
0x21a1c3 158 1 0 0 1 0 0 1
+4 * 1
+2 0 1
+5 0 1
+5 0 1
+4 0 1
+4 158 1
+3 * 1
+2 0 1 1
+8 0 1
+4 0 1
jump=1 +46 164 
* 0 
+46 164 1 0 0 1 0 0 1
+4 * 1
+2 0 1
+5 0 1
+5 0 1
+4 0 1
+4 164 1
+3 * 1
+2 0 1
+5 0 1
+4 177 1 0 0 1 0 0 1
+6 +1 1
+5 -1 1
+4 * 1
+5 * 1
+4 +1 1
+5 * 1
+4 * 1
+5 * 1
+4 * 1
+4 * 1
+4 * 1
+4 * 1
+4 +2 1
+4 * 1 0 0 1 0 0 1
+6 * 1
+3 * 1
+6 +2 1
+3 +2 1
+3 286 1
+4 184 1
+4 -2 1 0 1
+5 +3 1
+4 -1 1
+4 285 1
+4 +4 1
+4 +1 1
+4 -1 1
+4 +1 1
+4 +2 1
+4 -32 1 0 0 1 0 0 1
+4 +1 1
+4 * 1
+4 -84 1
+6 * 1
+4 +1 1
+5 -1 1
+5 * 1
+4 +1 1
+5 * 1
+4 * 1
+5 * 1
+4 * 1
+4 * 1
+4 * 1 0 0 1 0 0 1
+4 * 1
+4 +2 1
+4 * 1
+6 * 1
+3 * 1
+6 +2 1
+3 +2 1
+3 286 1
+4 184 1
+4 -2 1 0 1
+5 +3 1
+4 -1 1
+4 285 1
+4 +4 1
+4 +1 1
+4 -1 1 0 0 1 0 0 1
+4 +1 1
+4 +2 1
+4 -32 1
+4 +1 1
+4 * 1
+4 -84 1
+6 * 1
+4 +1 1
+5 -1 1
+5 * 1
+4 +1 1
+5 * 1
+4 * 1
+5 * 1 0 0 1 0 0 1
+4 * 1
+4 * 1
+4 * 1
+4 * 1
+4 +2 1
+4 * 1
+6 * 1
+3 * 1
+6 +2 1
+3 +2 1
+3 286 1
+4 184 1
+4 -2 1 0 1
+5 +3 1
+4 -1 1
+4 285 1 0 0 1 0 0 1
+4 +4 1
+4 +1 1
+4 -1 1
+4 +1 1
+4 +2 1
+4 -32 1
+4 +1 1
+4 * 1
+4 -84 1
+6 * 1
+4 +1 1
+5 -1 1
+5 * 1
+4 +1 1 0 0 1 0 0 1
+5 * 1
+4 * 1
+5 * 1
+4 * 1
+4 * 1
+4 * 1
+4 * 1
+4 +2 1
+4 * 1
+6 * 1
+3 * 1
+6 +2 1
+3 +2 1
+3 286 1
+4 184 1
+4 -2 1 0 1 1 0 0 1
+5 +3 1
+4 -1 1
+4 285 1
+4 +4 1
+4 +1 1
+4 -1 1
+4 +1 1
+4 +2 1
+4 -32 1
+4 +1 1
+4 * 1
+4 -84 1
+6 * 1
+4 +1 1
+5 -1 1 0 0 1 0 0 1
+5 * 1
+4 +1 1
+5 * 1
+4 * 1
+5 * 1
+4 * 1
+4 * 1
+4 * 1
+4 * 1
+4 +2 1
+4 * 1
+6 * 1
+3 * 1
+6 +2 1
+3 +2 1 0 0 1 0 0 1
+3 286 1
+4 184 1
+4 -2 1 0 1
+5 +3 1
+4 -1 1
+4 285 1
+4 +4 1
+4 +1 1
+4 -1 1
+4 +1 1
+4 +2 1
+4 -32 1
+4 +1 1
+4 * 1
+4 -84 1 0 0 1 0 0 1
+6 * 1
+4 +1 1
+5 -1 1
+5 * 1
+4 +1 1
+5 * 1
+4 * 1
+5 * 1
+4 * 1
+4 * 1
+4 * 1
+4 * 1
+4 +2 1
+4 * 1
+6 * 1 0 0 1 0 0 1
+3 * 1
+6 +2 1
+3 +2 1
+3 286 1
+4 184 1
+4 -2 1 0 1
+5 +3 1
+4 -1 1
+4 285 1
+4 +4 1
+4 +1 1
+4 -1 1
+4 +1 1
+4 +2 1
+4 -32 1
+4 +1 1 0 0 1 0 0 1
+4 * 1
+4 -84 1
+6 * 1
+4 +1 1
+5 -1 1
+5 * 1
+4 +1 1
+5 * 1
+4 * 1
+5 * 1
+4 * 1
+4 * 1
+4 * 1
+4 * 1 0 0 1 0 0 1
+4 +2 1
+4 * 1
+6 * 1
+3 * 1
+6 +2 1
+3 +2 1
+3 286 1
+4 184 1
+4 -2 1 0 1
+5 +3 1
+4 -1 1
+4 285 1
+4 +4 1
+4 +1 1
+4 -1 1
+4 +1 1 0 0 1 0 0 1
+4 +2 1
+4 -32 1
+4 +1 1
+4 * 1
+4 -84 1
+6 * 1
+4 +1 1
+5 -1 1
+5 * 1
+4 +1 1
+5 * 1
+4 * 1
+5 * 1
+4 * 1 0 0 1 0 0 1
+4 * 1
+4 * 1
+4 * 1
+4 +2 1
+4 * 1
+6 * 1
+3 * 1
+6 +2 1
+3 +2 1
+3 286 1
+4 184 1
+4 -2 1 0 1
+5 +3 1
+4 -1 1
+4 285 1
+4 +4 1 0 0 1 0 0 1
+4 +1 1
+4 -1 1
+4 +1 1
+4 +2 1
+4 -32 1
+4 +1 1
+4 * 1
+4 -84 1
+6 * 1
+4 +1 1
+5 -1 1
+5 * 1
+4 +1 1
+5 * 1 0 0 1 0 0 1
+4 * 1
+5 * 1
+4 * 1
+4 * 1
+4 * 1
+4 * 1
+4 +2 1
+4 * 1
+6 * 1
+3 * 1
+6 +2 1
+3 +2 1
+3 286 1
+4 184 1
+4 -2 1 0 1
+5 +3 1 0 0 1 0 0 1
+4 -1 1
+4 285 1
+4 +4 1
+4 +1 1
+4 -1 1
+4 +1 1
+4 +2 1
+4 -32 1
+4 +1 1
+4 * 1
+4 -84 1
+6 * 1
+4 +1 1
+5 -1 1
+5 * 1 0 0 1 0 0 1
+4 +1 1
+5 * 1
+4 * 1
+5 * 1
+4 * 1
+4 * 1
+4 * 1
+4 * 1
+4 +2 1
+4 * 1
+6 * 1
+3 * 1
jcnd=1/1 0x21aabe * 
* * 
0x21aabe * 1 0 0 1 0 0 1
+4 0 1
jump=1 +23 0 
* 0 
+23 0 1 1
+8 190 1
+6 * 1
+4 * 1
+4 +1 1
+4 * 1
+6 * 1
+4 +1 1
+3 * 1 0 0 1 0 0 1
+4 * 1
+4 * 1
+4 * 1
+4 * 1
+4 * 1
+3 * 1
+3 * 1
+3 +2 1
+3 * 1 0 1
+4 +1 1
+3 +3 1 0 1 0 0 1 0 0 1
+3 * 1 0 1
+4 * 1 0 1
+3 -1 1
+4 * 1 1
+1 * 1 1
+2 * 1 1

fl=(1) /usr/lib/zig/std/start.zig
fn=(2) start.posixCallMainAndExit
0x213070 354 1 0 1
+1 * 1 0 1 0 0 1 0 0 1
+2 * 1 0 1
+2 * 1 0 1
+2 * 1 0 1
+2 * 1 0 1
+1 * 1 0 0 1 0 0 1
+7 +1 1 1
+7 * 1
+7 * 1 1
+3 +3 1
+5 -2 1
+4 0 1
+3 0 1
+2 360 1
+3 * 1 1
+4 * 1
+4 * 1
jcnd=1/1 -11 * 
* * 
-11 * 51
+3 * 51 51 0 0 7 0 0 7
+4 * 51
+4 * 51
jcnd=50/51 -11 * 
* * 
+2 +6 1 0 1
+7 +6 1
+4 * 1
+2 * 1
+3 +1 1 1 0 1 0 0 1
+4 * 1
+4 * 1
jcnd=1/1 +28 * 
* * 
+11 +2 1 1
+3 -2 1
+4 * 1 1
+4 * 1
+4 * 1
+2 * 22
+4 * 22
jcnd=1/22 -21 +2 
* * 
+2 * 21
+3 * 21
jcnd=20/21 +9 * 
* * 
+2 * 1
jump=1 +23 0 
* * 
+4 +3 1 1
+3 -3 1
+4 * 1 1
+4 * 1
+4 * 1
jcnd=1/1 -30 * 
* * 
-12 * 20
+4 * 20 20 0 0 5 0 0 5
+4 * 20
+4 * 20 0 0 1 0 0 1
jcnd=19/20 -30 * 
* * 
+2 * 1
jump=1 -17 +3 
* * 
+2 0 1
+10 0 1
+5 0 1
+7 0 1 0 1 0 0 1 0 0 1
+5 0 1 0 1
fi=(2) /usr/lib/zig/std/os/linux/tls.zig
+5 194 1
+3 * 1
+2 +1 1
+3 * 1
+3 * 1
+4 * 1
jcnd=1/1 +38 * 
* * 
+9 * 1
+3 * 1
jcnd=1/1 0x213327 * 
* * 
+6 +10 1
+3 * 1
jcnd=1/1 0x213358 +6 
* * 
+17 -10 1 0 0 1 0 0 1
+3 * 1
+4 * 1
+2 * 1
+3 * 1
+2 * 1
+3 * 1
jump=1 +33 * 
* * 
+17 +2 1
+4 -3 1
+7 * 1
+3 * 1
jcnd=1/1 -77 +1 
* * 
+2 +1 1 1 0 1 1 0 1 1
+3 * 1
+4 * 1
jcnd=1/1 0x213260 +1 
* * 
+29 * 1
+4 * 1
jcnd=1/1 +6 * 
* * 
+6 * 1 1 0 0 1 0 0 1
+4 * 1
+4 * 1 0 0 1 0 0 1
+6 * 1
+4 * 1
jcnd=1/1 +6 * 
* * 
+6 * 1 1 0 0 1 0 0 1
+7 * 1
+4 * 1
+6 * 1
+4 * 1
jcnd=1/1 +9 * 
* * 
+9 * 1 1 0 0 1 0 0 1
+7 * 1
+4 * 1
+6 * 1 0 0 1 0 0 1
+4 * 1
jcnd=1/1 +9 * 
* * 
+9 * 1 1 0 0 1 0 0 1
+7 * 1
+4 * 1
+6 * 1
+4 * 1
+2 0 1
+7 195 1 1 0 0 1 0 0 1
+7 * 1
+4 * 1
+6 * 1
+4 * 1
jcnd=1/1 +9 * 
* * 
+9 * 1 1 0 0 1 0 0 1
+7 * 1
+4 * 1
jcnd=1/1 0x213311 * 
* * 
+13 +1 1 0 0 1 0 0 1
+3 * 1 1
+4 -1 1 1
+4 * 1
+4 * 1
jcnd=1/1 0x2131ae * 
* * 
0x213311 * 1 0 0 1 0 0 1
+4 * 1
jcnd=1/1 0x21317a +2 
* * 
+18 * 1
+4 * 1
+3 * 1
jump=1 +22 * 
* * 
+9 -1 1
+4 * 1
+3 * 1
jcnd=1/1 0x213144 +11 
* * 
+6 +1 1 1 0 1 1 0 1 1
+3 * 1
+4 * 1
+2 * 1
+4 * 1
jcnd=1/1 -26 -1 
* * 
+7 +16 1 1
+4 -2 1 1
+4 +1 1 1
+4 * 1 1
fi=(12)
+4 4242 1
+3 4373 1
+3 4242 1
+3 4373 1
fi=(2)
+3 260 1 0 1
+7 * 1 0 1 1 0 0 1
+7 * 1 0 1 0 0 1 0 0 1
fi=(12)
+7 4373 1
+3 4242 1
fi=(2)
+4 260 1 0 1
fi=(12)
+7 4373 1
fi=(2)
+4 255 1
+4 +5 1 0 1
+7 * 1 0 1
+7 +57 1
+6 +1 1
+2 0 1
+6 318 1 0 0 1 0 0 1
+7 * 1
+2 0 1 0 1
+5 0 1
jump=1 +88 280 
* 0 
+88 280 1 0 0 1 0 0 1
+3 * 1
+2 * 1 0 1 0 0 1 0 0 1
cfi=(3)
cfn=(6)
calls=1 0x23e6e0 12 
* * 34 1 3 4 0 1 4 0 1
+5 +2 1 1
+7 +10 1
+3 -9 1 0 1
+8 +1 1 0 1 1 0 0 1
+5 +2 1 1
+7 * 1
+4 +3 1 0 1
+4 +3 1 1
+7 * 1 1
+7 * 1 0 1
cfi=(4)
cfn=(8)
calls=1 0x23e5e0 11 
* * 5 1 0 1 0 0 1
fi=(5)
+5 36 1
+5 * 1
+5 * 1
+3 * 1
+2 -36 1 1
fi=(2)
+5 194 1
fe=(1)
+3 418 1 0 0 1 0 0 1
+6 +1 1
+4 * 1
+11 * 1 1
+7 * 1
-7 * 8 8
+7 * 8
jfi=(5)
jcnd=1/8 +13 57 
* * 
+2 -1 8
+4 * 8
+3 * 8
jcnd=8/8 -16 +1 
* * 
fi=(5)
+4 57 1
+5 * 1
+8 * 1
+5 * 1
+2 * 1
+2 * 1
fi=(6)
+2 209 1 0 0 1 0 0 1
fi=(7) /usr/lib/zig/std/os.zig
+6 6953 1
jcnd=1/1 +10 +1 
* * 
+10 +1 1 1 0 0 1 0 0 1
fe=(1)
+8 427 1 1
+4 * 1
+3 * 1
+4 +2 1 1
+8 * 1
fi=(7)
+2 6966 1 0 1
+8 * 1 0 1
+8 * 1 0 0 1 0 0 1
fi=(5)
+8 57 1
+5 * 1
+2 * 1
+3 * 1
+2 -57 1 1
+5 0 1 1
fi=(6)
+5 1181 1 0 1
+12 +1 1 0 1
+12 +2 1 0 1
fe=(1)
+12 452 1 0 1 1 0 0 1
+7 +1 1 0 1
fi=(6)
+7 1186 1 0 1 0 0 1 0 0 1
+12 * 1
fi=(5)
+8 57 1
+5 * 1
+6 * 1
fe=(1)
+2 452 1 0 1
+7 +1 1 0 1
fi=(5)
+7 57 1
+5 * 1
fi=(6)
+2 209 1 0 0 1 0 0 1
fi=(7)
+6 +63 1
jfi=(8) /home/sleepy/toy/nya/zig-nya/nya.zig
jcnd=1/1 +47 30 
* * 
fi=(8)
+47 30 1 0 1 0 0 1 0 0 1
fi=(6)
+8 977 1 1 0 1 1 0 1 1
+7 +1 1
+3 * 1
+2 0 1
+5 980 1
+5 * 1 0 1
cfn=(18)
calls=1 0x21b1f0 +10 
* * 156 31 7 3 0 0 3
+2 +1 1
+3 * 1
+2 * 1
+4 * 1
+2 0 1
fi=(5)
+5 36 1
+5 * 1
+5 * 1
fi=(6)
+2 209 1
fi=(9) /usr/lib/zig/std/time.zig
+6 +3 1
jcnd=1/1 +14 +1 
* * 
+14 +1 1 1 0 1 0 0 1
+5 0 1
+7 0 1
+2 0 1 0 1
+5 0 1
+3 0 1
+3 0 1 0 1
+5 0 1 0 1
+5 213 1 1
+5 0 1 0 1
fi=(11) /usr/lib/zig/std/process.zig
+5 428 1 1
+7 0 1 0 1
+5 0 1
+2 0 1 0 1 1 0 0 1
+5 0 1
+2 0 1 0 1 0 0 1 0 0 1
+8 0 1
jfi=(10) /usr/lib/zig/std/array_list.zig
jump=1 +23 0 
* 0 
+2 0 1 1
+5 0 1
fi=(10)
+3 208 1 0 1
+5 436 1
+3 0 1 0 1
+5 0 1 1
+5 0 1 1
+8 0 1
+5 0 1
fi=(11)
+6 838 1
+3 * 1
+3 433 1
+3 * 1
jcnd=1/1 +44 0 
* * 
fi=(10)
-46 208 1 0 1 0 0 1 0 0 1
+5 436 1
+3 0 1 0 1
+5 0 1 1
+5 0 1 1
+8 0 1
+5 0 1
fi=(11)
+6 838 1
+3 * 1
+3 433 1
+3 * 1
fi=(10)
-33 0 1 1
+5 0 1 1
+8 0 1
+5 0 1
fi=(11)
+6 838 1
+3 * 1 0 0 1 0 0 1
+3 433 1
+3 * 1
+2 +2 2 2
+7 * 2
+7 * 2
+3 * 2 2
+4 * 2
fi=(12)
+3 877 2 2 0 0 1 0 0 1
+6 * 2
+4 * 2
jcnd=2/2 -10 * 
* * 
-10 * 23 23
+6 * 23
+4 * 23
jcnd=21/23 -10 * 
* * 
fi=(11)
+2 436 2
+3 0 2
+3 0 2 0 2
+5 0 2 0 2
+5 844 2
+3 * 2 0 0 1 0 0 1
-13 0 1 0 1
+5 0 1 0 1
+5 844 1
+3 * 1
jfi=(16)
jcnd=1/1 0x21392a 466 
* * 
+6 0 2 2
fi=(10)
+5 414 2
+5 0 2 0 2
+8 371 2
+3 * 2
+2 0 2
+3 0 2
+1 375 2
+3 * 2
+3 * 2
+4 * 2
+3 * 2
+4 +1 2
+3 * 2
jcnd=1/2 -20 -1 
* * 
-20 -1 1
+3 * 1
+3 * 1
+4 * 1
+3 * 1
+4 +1 1
+3 * 1
+2 +16 2
+3 * 2
+2 0 2 2 0 1 0 0 1
+8 0 2 0 2
+5 0 2 0 2
+5 0 2
fi=(13)
+3 241 2
jcnd=1/2 0x213810 86 
* * 
+6 0 1 1
+5 0 1 1
+5 92 1
+5 * 1
+2 * 1
+3 * 1 0 1
cfi=(14)
cfn=(44)
calls=1 0x219180 669 
* * 78 12 10 6 0 0 6
+5 * 1 1
fi=(10)
+5 400 1
+2 * 1
jfi=(13)
jcnd=1/1 0x213810 86 
* * 
+31 263 2 0 0 1 0 0 1
fi=(11)
+3 0 2
+4 0 2 0 2
fi=(10)
+5 263 2
+3 * 2
+3 * 2 0 2
cfi=(4)
cfn=(8)
calls=2 0x23e5e0 11 
* * 151 27 25 2 0 1 2 0 1
+5 0 2 2
+5 0 2 2
+5 371 2
+3 * 2
jfi=(11)
jcnd=1/2 0x213650 0 
* * 
+6 0 1 0 0 1 0 0 1
+3 0 1
+14 375 1
+3 * 1
+3 * 1
+4 * 1
+3 * 1
+4 +1 1
+3 * 1
+2 +16 1
+3 * 1
fi=(13)
+6 241 1
+3 * 1
jcnd=1/1 0x21388b 0 
* * 
+94 86 2 0 0 1 0 0 1
+5 * 2
+3 * 2
+2 * 2
+3 * 2 0 2
cfi=(14)
cfn=(30)
calls=2 0x218bc0 938 
* * 271 52 45 14 4 2 14 4 2
+5 * 2
+3 * 2
+6 -86 2 2
+5 0 2 2
fi=(10)
+5 404 2
+3 * 2 0 2
+5 * 2 0 2 1 0 0 1
cfi=(4)
cfn=(8)
calls=2 0x23e5e0 11 
* * 98 18 16 0 0 1 0 0 1
+5 0 2 2
+5 0 2 2
fi=(12)
+5 4155 2
fi=(13)
+10 0 2
fi=(12)
+3 4155 2
+4 * 2
fi=(13)
+4 310 2
+3 * 2
jcnd=1/2 +19 0 
* * 
+2 0 1 1
+5 98 1
+5 * 1
+2 * 1 0 1
cfi=(14)
cfn=(50)
calls=1 0x2193d0 788 
* * 118 25 16 11 1 0 11 1
+5 -98 2 2
+5 0 2 2 0 1 0 0 1
+5 0 2 0 2
+5 0 2
jfi=(10)
jump=2 0x213755 263 
* 0 
+5 0 1
+3 0 1
fi=(16)
+4 467 1
fi=(13)
+6 193 1 1
fi=(16)
+8 466 1
fi=(13)
+8 86 1
+5 * 1
+5 * 1
+3 * 1 0 1
+5 * 1 0 1
cfi=(14)
cfn=(30)
calls=1 0x218bc0 938 
* * 211 35 36 0 0 1 0 0 1
+5 * 1 0 0 1 0 0 1
+3 * 1
+3 * 1 1
+5 * 1
+6 -86 1 1
fi=(10)
+5 404 1
+8 * 1
+3 * 1 0 1
cfi=(4)
cfn=(8)
calls=1 0x23e5e0 11 
* * 5 1
+5 0 1 1
+5 0 1 1
fi=(12)
+5 4155 1
+5 * 1
fi=(13)
+8 241 1
fi=(12)
+3 4155 1 0 0 1 0 0 1
+4 * 1
fi=(13)
+4 310 1
+3 * 1
jcnd=1/1 +22 0 
* * 
+22 0 1 1
+5 0 1
jfi=(10)
jump=1 0x213658 208 
* 0 
fi=(16)
+5 466 1
+3 * 1
+4 +1 1
+6 0 1 1
+5 0 1 1 0 1 0 0 1
+5 466 1
+3 * 1
+4 +8 1
+3 * 1
+3 +1 1
+6 0 1
fi=(13)
+7 220 1
+2 -27 1 1
+8 86 1
+5 * 1
+5 * 1
+3 * 1
+3 * 1 0 1
cfi=(14)
cfn=(30)
calls=1 0x218bc0 938 
* * 78 17 16
+5 * 1
+3 * 1
+3 -86 1 1 0 1 0 0 1
+5 86 1
+3 * 1
fi=(11)
+6 857 1
+3 +1 1
+3 * 1
+3 * 1
+3 * 1 0 1
cfi=(4)
cfn=(8)
calls=1 0x23e5e0 11 
* * 72 11 10 1 0 1 1 0 1
+5 * 1 1
fi=(12)
+5 4065 1
+10 * 1
+3 * 1
fi=(11)
+4 861 1
+6 * 1
+4 * 1 0 0 1 0 0 1
+2 0 1
+2 0 1
+2 0 1
jump=1 0x213aa5 861 
* 0 
0x213aa5 861 1 0 0 1 0 0 1
+4 * 1
+2 * 1
+4 * 1
+4 * 1
+4 * 1
+2 * 1
+3 * 1 0 0 1 0 0 1
+5 * 1
+4 * 1
+11 * 1 1
+4 +2 1
+5 * 1 0 1
+5 +1 1
+5 -1 1 0 1
+4 -2 1
+4 * 1
+3 * 1
jcnd=1/1 -30 * 
* * 
-30 * 1 1
+4 +2 1
+5 * 1 0 1
+5 +1 1
+5 -1 1 0 1
+4 -2 1
+4 * 1
+3 * 1
+2 0 1 1
+5 0 1
fi=(12)
+5 4155 1 0 0 1 0 0 1
+8 * 1
+3 * 1
+4 * 1
fi=(13)
+4 310 1
+3 * 1
+2 +31 1 1
+8 98 1
+5 * 1
+5 * 1
+3 * 1 0 1
cfi=(14)
cfn=(50)
calls=1 0x2193d0 788 
* * 75 14 13
+5 -98 1 1
+5 0 1 1
+5 0 1 1
fi=(12)
+5 4155 1 0 0 1 0 0 1
+10 * 1
+3 * 1
fi=(13)
+4 310 1
+2 +31 1 1
+8 98 1
+5 * 1
+2 * 1 0 1
cfi=(14)
cfn=(50)
calls=1 0x2193d0 788 
* * 75 14 13
+5 -98 1 1
fi=(8)
+5 45 1
+4 * 1
+6 +4 1 1
+4 * 1
fi=(18) /usr/lib/zig/std/fmt.zig
+5 1736 1
+3 * 1 0 0 1 0 0 1
fi=(8)
+6 0 1 1
fi=(18)
+4 1737 1 1
+3 * 1
+3 * 1
+2 * 1
+3 * 1
jcnd=1/1 0x213c6a * 
* * 
0x213c6a * 1 0 0 1 0 0 1
+3 * 1
+2 1837 1 1
+5 * 1
+2 0 1
+2 0 1
+6 0 1 0 0 1 0 0 1
+3 0 1
jump=1 +27 1839 
* 0 
+2 0 1
fi=(16)
+2 1082 1
+4 474 1
+3 +1 1
+2 * 1
fi=(18)
+2 1852 1
+3 -13 1
+3 * 1
-6 +13 7
+3 -13 7
+3 * 7
jfi=(8)
jcnd=1/7 0x213dc6 0 
* * 
+6 * 8 8
+5 +1 8
+4 * 8
+2 1967 8
+4 * 8
+4 * 8
+2 1843 8
+3 * 8
jcnd=1/8 -49 0 
* * 
fi=(16)
+2 466 7
+3 * 7
+3 +1 7
+2 1082 7 0 0 1 0 0 1
+4 474 7
+3 +1 7
jfi=(18)
jcnd=7/7 -53 1852 
* * 
fi=(8)
0x213dc6 0 1 1 0 1 0 0 1
+8 0 1 0 1
+5 0 1
+7 60 1 0 1
+11 * 1
+2 * 1 0 1
+8 * 1
+2 * 1 0 1
+5 * 1 0 1 0 0 1 0 0 1
+8 * 1 0 1 1 0 0 1
+12 -60 1
+3 0 1
+3 0 1
+2 0 1 0 1
+5 0 1
+5 0 1
jump=1 +30 0 
* 0 
+4 0 343 343
+5 0 343
+3 0 343 0 343
+5 76 343
+3 * 343
+4 * 343
jfi=(13)
jcnd=1/343 0x2143ec -76 
* * 
+6 -76 343 0 343
+5 80 343 0 0 1 0 0 1
+3 * 343
+4 * 343 0 343
+5 -80 343 0 343
+5 0 343
+2 80 343 343 0 0 1 0 0 1
+7 * 343 343
fi=(10)
+7 375 343
+3 * 343
+3 * 343
+4 * 343
+3 * 343
+4 +1 343
+3 * 343
+2 0 343 343
fi=(13)
+5 86 343
+5 * 343 0 0 1 0 0 1
+3 * 343
+2 * 343 0 343
cfi=(14)
cfn=(30)
calls=343 0x218bc0 938 
* * 70315 12005 10976 0 0 686 0 0 686
+5 * 343
+3 * 343
+6 -86 343 0 343
fi=(10)
+5 263 343
+3 * 343
+3 * 343
+3 * 343 0 343
cfi=(4)
cfn=(8)
calls=343 0x23e5e0 11 
* * 13769 2205 1862 0 2 343 0 2 343
+5 0 343 343
+8 0 343 0 343
fi=(8)
+8 80 343
+4 * 343 343 0 1 0 0 1
+7 * 343 343
fi=(10)
+7 414 343
+4 0 343 0 343
+5 371 343
+3 * 343
jcnd=63/343 +92 0 
* * 
+2 0 280
+3 0 280
+7 375 280
+3 * 280
+3 * 280
+4 * 280
+3 * 280
+4 +1 280
+3 * 280
+2 +16 280
+3 * 280
+2 0 280 0 280
+5 0 280 280
+5 0 280 280
fi=(13)
+5 92 280
+5 * 280 0 280
+5 * 280
+3 * 280
+2 * 280
+3 * 280
+3 * 280 0 280
cfi=(14)
cfn=(44)
calls=280 0x219180 669 
* * 21840 3360 2800
fi=(10)
+5 400 280
+2 * 280
jfi=(13)
jcnd=280/280 +20 86 
* * 
+10 0 63 63 0 1 0 0 1
+5 0 63
+3 0 63
jump=63 +94 263 
* 0 
fi=(13)
+2 86 280
+5 * 280 0 0 1 0 0 1
+3 * 280
+2 * 280
+3 * 280 0 280
cfi=(14)
cfn=(30)
calls=280 0x218bc0 938 
* * 22185 4814 4519 0 1 3 0 0 3
+5 * 280
+3 * 280
+6 -86 280 280
fi=(10)
+5 404 280
+3 * 280
+3 * 280 0 280
+8 * 280 0 280
cfi=(4)
cfn=(8)
calls=280 0x23e5e0 11 
* * 11690 1890 1610 0 0 126 0 0 126
+5 0 280 280
fi=(13)
+5 98 280
+5 * 280
+3 * 280
+2 * 280
+3 * 280 0 280
cfi=(14)
cfn=(50)
calls=280 0x2193d0 788 
* * 33040 7000 4480
+5 * 280 280
+8 -98 280 280
+5 0 280 280
fi=(10)
+5 263 280
+3 0 280
+3 263 280
+3 * 280 0 280
cfi=(4)
cfn=(8)
calls=280 0x23e5e0 11 
* * 11690 1890 1610
-9 * 63 0 0 1 0 0 1
+3 0 63
+3 263 63
+3 * 63 0 63
cfi=(4)
cfn=(8)
calls=63 0x23e5e0 11 
* * 2079 315 252
+5 0 343 343
+5 0 343 343
fi=(8)
+5 80 343
+4 * 343 343
+7 * 343 343
fi=(10)
+7 414 343 0 0 1 0 0 1
+4 0 343 0 343
+5 371 343
+3 * 343
jcnd=260/343 0x214040 0 
* * 
+2 0 83 0 83
+5 0 83
+3 0 83
+10 375 83
+3 * 83
+3 * 83
+4 * 83
+3 * 83
+4 +1 83
+3 * 83
+2 +16 83
+3 * 83
+2 0 83 0 83 1 0 0 1
+8 0 83
fi=(13)
+3 241 83
+2 0 83 83
+5 0 83 83
+5 92 83
+5 * 83
+3 * 83
+2 * 83
+3 * 83 0 83
cfi=(14)
cfn=(44)
calls=83 0x219180 669 
* * 6474 996 830
fi=(10)
+5 400 83
+2 * 83
jcnd=83/83 +52 0 
* * 
+26 0 260
+3 0 260
+3 0 260
jump=260 0x2140d4 263 
* 0 
+20 0 83 83 0 1 0 0 1
fi=(13)
+5 86 83
+5 * 83
+3 * 83
+2 * 83 0 83
cfi=(14)
cfn=(30)
calls=83 0x218bc0 938 
* * 9190 1820 1783 0 0 18 0 0 18
+5 * 83
+3 * 83
+6 -86 83 83
+5 0 83 83 0 1 0 0 1
+5 0 83 0 83
fi=(10)
+5 404 83
+3 * 83
+3 * 83 0 83
cfi=(4)
cfn=(8)
calls=83 0x23e5e0 11 
* * 5049 877 794 0 0 46 0 0 46
fi=(13)
+5 0 83
fi=(12)
+3 4155 83
+10 * 83
+4 * 83
fi=(13)
+4 310 83
+3 * 83
+2 0 83 83
+5 98 83
+5 * 83
+3 * 83
+3 * 83
+2 * 83 0 83 1 0 0 1
cfi=(14)
cfn=(50)
calls=83 0x2193d0 788 
* * 8934 1855 1268
+5 -98 83 83
+5 0 83 83
+5 0 83 83
fi=(10)
+8 263 83
+3 * 83
+3 * 83
+3 * 83 0 83
cfi=(4)
cfn=(8)
calls=83 0x23e5e0 11 
* * 3514 570 487
-9 * 260
+3 * 260
+3 * 260
+3 * 260 0 260
cfi=(4)
cfn=(8)
calls=260 0x23e5e0 11 
* * 10255 1635 1375
+5 0 343 343
+5 0 343
fi=(8)
+3 86 343
+3 * 343
+4 * 343
fi=(10)
+4 371 343
+3 * 343
jcnd=156/343 +88 -57 
* * 
+2 * 187
+6 +4 187 0 0 1 0 0 1
+3 * 187
+3 * 187
+4 * 187
+3 * 187
+4 +1 187
+3 * 187
+2 +16 187
+3 * 187
fi=(13)
+2 0 187
+3 241 187
+2 0 187 187
+5 92 187
+5 * 187
+3 * 187
+3 * 187
+2 * 187
+3 * 187 0 187
cfi=(14)
cfn=(44)
calls=187 0x219180 669 
* * 14586 2244 1870
fi=(10)
+5 400 187
+2 * 187
jfi=(13)
jcnd=187/187 +76 0 
* * 
+20 -86 156 0 0 1 0 0 1
+3 * 156
+5 * 156
+3 * 156
+5 * 156 0 156
cfi=(3)
cfn=(6)
calls=156 0x23e6e0 12 
* * 3920 156 512
fi=(13)
+5 -94 156
+3 * 156
jfi=(10)
jcnd=156/156 0x21420d 0 
* * 
+32 0 187 187 0 1 0 0 1
+5 86 187
+5 * 187
+3 * 187
+2 * 187 0 187
cfi=(14)
cfn=(30)
calls=187 0x218bc0 938 
* * 34323 6146 6346 0 43 129 0 0 129
+5 * 187
+3 * 187
+6 -86 187 187
+5 0 187 0 187
fi=(10)
+5 404 187
+3 * 187
+3 * 187 0 187
cfi=(4)
cfn=(8)
calls=187 0x23e5e0 11 
* * 10177 1519 1332 0 0 187 0 0 187
fi=(13)
+5 0 187
fi=(12)
+3 4155 187 0 0 1 0 0 1
+10 * 187
+4 * 187
fi=(13)
+4 310 187
+3 * 187
+2 0 187 187
+5 98 187
+5 * 187
+3 * 187
+3 * 187
+2 * 187 0 187
cfi=(14)
cfn=(50)
calls=187 0x2193d0 788 
* * 14068 2629 2434
+5 -98 187 187
+5 0 187 187
fi=(10)
+5 314 187
+3 * 187
+5 * 187
+3 * 187
+5 * 187 0 187
cfi=(3)
cfn=(6)
calls=187 0x23e6e0 12 
* * 10202 187 1847
+5 * 187
+3 0 187 187
fi=(13)
+5 86 187
+5 * 187
+3 * 187
+2 * 187 0 187
cfi=(14)
cfn=(30)
calls=187 0x218bc0 938 
* * 15283 3301 3081 4 6 5 4 0 5
fi=(10)
-15 -86 156 156 0 1 0 0 1
fi=(13)
+5 86 156
+5 * 156
+3 * 156
+2 * 156 0 156
cfi=(14)
cfn=(30)
calls=156 0x218bc0 938 
* * 12287 2670 2510 0 43 1 0 0 1
+5 * 343
+3 * 343
+6 -86 343
+3 320 343
+3 * 343 0 343
+5 * 343
+3 * 343
+3 * 343 0 343
cfi=(4)
cfn=(8)
calls=343 0x23e5e0 11 
* * 34797 6038 5695 0 0 161 0 0 159
fi=(12)
+5 4408 343 0 0 1 0 0 1
fi=(8)
+4 92 343
+6 -92 343 343
+5 0 343 343
fi=(10)
+5 371 343
+3 * 343
jfi=(13)
jcnd=335/343 0x214358 0 
* * 
+6 0 8
+3 375 8
+3 * 8
+3 * 8
+4 * 8
+3 * 8
+4 +1 8
+3 * 8
+2 +16 8
+3 * 8
fi=(13)
+6 241 8 0 0 1 0 0 1
+3 * 8
jfi=(10)
jcnd=1/8 +66 0 
* * 
+2 * 7
+10 * 7
+3 * 7
+2 0 7 7
fi=(12)
+5 4155 7
fi=(16)
+3 466 7
+3 * 7
fi=(12)
+4 4155 7
fi=(13)
+4 92 7
+5 * 7
+5 * 7
+3 * 7
+3 * 7 0 7
cfi=(14)
cfn=(44)
calls=7 0x219180 669 
* * 656 124 96 6 9 0 6
fi=(10)
+5 400 7
+2 * 7
jfi=(16)
jcnd=5/7 +33 0 
* * 
+2 * 2
jfi=(13)
jump=2 0x214350 0 
* * 
+5 0 1 0 0 1 0 0 1
+10 0 1
fi=(16)
+3 467 1
+6 -1 1
+3 * 1
+4 0 1 1
fi=(13)
+5 86 1
+5 * 1
+5 * 1
+3 * 1 0 1
cfi=(14)
cfn=(30)
calls=1 0x218bc0 938 
* * 195 35 32 0 0 1 0 0 1
fi=(16)
-18 -86 5 5
fi=(13)
+5 86 5
+5 * 5
+5 * 5
+3 * 5 0 5
cfi=(14)
cfn=(30)
calls=5 0x218bc0 938 
* * 918 172 151 14 0 9 14 0 9
+5 * 6 6
+5 * 6
+3 * 6 0 0 1 0 0 1
fi=(10)
+6 404 6
fi=(13)
+4 205 6
fi=(10)
+3 404 6
+3 * 6
+3 * 6 0 6
cfi=(4)
cfn=(8)
calls=6 0x23e5e0 11 
* * 1193 307 301 0 9 108 0 0 108
+5 0 6 6
fi=(12)
+5 4155 6
+5 * 6
+3 * 6
fi=(13)
+4 241 6
fi=(12)
+3 4155 6
+4 * 6
fi=(13)
+4 310 6
+3 * 6
jcnd=1/6 +25 0 
* * 
+2 0 5 5
+5 98 5
+5 * 5
+5 * 5
+3 * 5 0 5
cfi=(14)
cfn=(50)
calls=5 0x2193d0 788 
* * 659 145 95 4 1 0 4 1
+5 -98 6 0 0 1 0 0 1
+3 0 6 6
+5 0 6
+3 0 6 6
+8 0 6 6
+5 0 6 6
fi=(10)
+8 437 6
+3 * 6
+4 208 6 0 6 0 0 3 0 0 3
+4 * 6 6
fi=(8)
+5 103 6
fi=(10)
+3 208 6 0 6 1 0 0 1
fi=(8)
+5 103 6
+2 * 6
+5 * 6
+4 * 6
+3 +1 6
+4 -1 6
+3 * 6
+2 * 6
+4 +1 6
+4 -1 6
+3 * 6 0 6
+8 * 6 6
+5 * 6
fi=(12)
+3 4155 6
+3 * 6 0 0 1 0 0 1
+10 * 6
fi=(13)
+4 310 6
0x214350 0 2 2
+5 0 2
+3 0 2 2
+8 0 2 2
+5 0 2 2
fi=(10)
+8 437 2
+3 * 2
+4 208 2 0 2
+4 * 2 2
fi=(8)
+5 103 2
fi=(10)
+3 208 2 0 2
fi=(8)
+5 103 2
+2 * 2
+5 * 2
+4 * 2
+3 +1 2
+4 -1 2
+3 * 2
+2 * 2
+4 +1 2
+4 -1 2
+3 * 2 0 2
+8 * 2 2
+5 * 2
fi=(12)
+3 4155 2
+3 * 2
+10 * 2
fi=(13)
+4 310 2
0x214358 0 335 335
+8 0 335 335
+5 0 335 335
fi=(10)
+8 437 335
+3 * 335
+4 208 335 0 335 0 0 84 0 0 83
+4 * 335 335
fi=(8)
+5 103 335
fi=(10)
+3 208 335 0 335
fi=(8)
+5 103 335
+2 * 335
+5 * 335
+4 * 335
+3 +1 335
+4 -1 335
+3 * 335
+2 * 335
+4 +1 335
+4 -1 335
+3 * 335 0 335
+8 * 335 335
+5 * 335
fi=(12)
+3 4155 335
+3 * 335
+10 * 335
fi=(13)
+4 310 335
+6 0 343 343
+5 98 343
+5 * 343
+3 * 343
+2 * 343 0 343
cfi=(14)
cfn=(50)
calls=343 0x2193d0 788 
* * 33008 7025 5198 0 0 1
+5 -98 343 343
+5 0 343
jfi=(8)
jump=343 0x213e20 0 
* 0 
+5 0 1 1 0 0 1
+8 0 1
fi=(8)
+10 149 1 0 0 1 0 0 1
+5 * 1
+4 * 1
+7 0 1 0 1
+5 152 1
+3 * 1
+6 0 1 1
+5 0 1
+10 0 1
+10 0 1
+11 0 1 0 1 1 0 0 1
+5 0 1 1 0 0 1 0 0 1
+7 0 1
+7 0 1
fi=(20) /usr/lib/zig/std/rand/Pcg.zig
+13 30 1
+3 * 1
+4 +2 1
+3 * 1
+3 * 1
+4 * 1
+4 +1 1
+4 -1 1
+2 +3 1
+2 * 1
+2 -5 1 0 0 1 0 0 1
+3 +31 1 0 1
+7 -31 1
+3 * 1
+4 +2 1
+3 * 1
+3 * 1
+4 * 1
+4 +1 1
+4 -1 1
+2 +3 1
+2 * 1
+2 -5 1
+3 +31 1 0 1
+7 -31 1
+3 * 1
+4 +2 1
+3 * 1
+3 * 1 0 0 1 0 0 1
+4 * 1
+4 +1 1
+4 -1 1
+2 +3 1
+2 * 1
+2 -5 1
+3 +31 1 0 1
+7 -31 1
+3 * 1
+4 +2 1
+3 * 1
+3 * 1
+4 * 1
+4 +1 1
+4 -1 1
+2 +3 1
+2 * 1
+2 -5 1
+3 +31 1 0 1 1 0 0 1
+7 -31 1
+3 * 1
+4 +2 1
+3 * 1
fi=(8)
0x214440 -32 33332 0 33332
+5 0 33332 33332
+7 0 33332
+7 0 33332
fi=(20)
+13 30 33332
+3 * 33332
+4 +2 33332
+3 * 33332
+3 * 33332
+4 * 33332
+4 +1 33332
+4 -1 33332
+2 +3 33332
+2 * 33332
+2 -5 33332
+3 +31 33332 0 33332 0 0 2
+7 -31 33332
+3 * 33332
+4 +2 33332
+3 * 33332
+3 * 33332
+4 * 33332
+4 +1 33332
+4 -1 33332
+2 +3 33332
+2 * 33332
+2 -5 33332
+3 +31 33332 0 33332
+7 -31 33332
+3 * 33332
+4 +2 33332
+3 * 33332
+3 * 33332
+4 * 33332
+4 +1 33332
+4 -1 33332
+2 +3 33332
+2 * 33332
+2 -5 33332
+3 +31 33332 0 33332
+7 -31 33332
+3 * 33332
+4 +2 33332
+3 * 33332
+3 * 33332
+4 * 33332
+4 +1 33332
+4 -1 33332
+2 +3 33332
+2 * 33332
+2 -5 33332
+3 +31 33332 0 33332
+7 -31 33332
+3 * 33332
+4 +2 33332
+3 * 33332
+3 * 33332
+4 * 33332
+4 +1 33332
+4 -1 33332
0x214460 -2 133332
+3 * 133332
+4 +2 133332
+3 * 133332
+3 * 133332
+4 * 133332
+4 +1 133332
+4 -1 133332
+2 +3 133332
+2 * 133332
+2 -5 133332
+3 +31 133332 0 133332 0 0 1 0 0 1
+7 -31 133332
+3 * 133332
+4 +2 133332
+3 * 133332
+3 * 133332
+4 * 133332
+4 +1 133332
+4 -1 133332
+2 +3 133332
+2 * 133332
+2 -5 133332
+3 +31 133332 0 133332
+7 -31 133332
+3 * 133332
+4 +2 133332
+3 * 133332
+3 * 133332
+4 * 133332
+4 +1 133332
+4 -1 133332
+2 +3 133332
+2 * 133332
+2 -5 133332
+3 +31 133332 0 133332
+7 -31 133332
+3 * 133332
+4 +2 133332
+3 * 133332
+3 * 133332
+4 * 133332
+4 +1 133332
+4 -1 133332
+2 +3 133332
+2 * 133332
+2 -5 133332
+3 +31 133332 0 133332
+7 -31 133332
+3 * 133332
+4 +2 133332
+3 * 133332
+3 * 133332
+4 * 133332
+4 +1 133332
+4 -1 133332
+2 +3 133332
+2 * 133332
+2 -5 133332
+3 +31 133332 0 133332
-21 -29 1
+4 * 1
+4 +1 1
+4 -1 1
+2 +3 1
+2 * 1
+2 -5 1
+3 +31 1 0 1
+7 -31 1
+3 * 1
+4 +2 1
+3 * 1
+3 * 1
+4 * 1 0 0 1 0 0 1
+4 +1 1
+4 -1 1
+2 +3 1
+2 * 1
+2 -5 1
+3 +31 1 0 1
+7 -31 1
+3 * 1
+4 +2 1
+3 * 1
+3 * 1
+4 * 1
+4 +1 1
+4 -1 1
+2 +3 1
+2 * 1
+2 -5 1
+3 +31 1 0 1
+7 -31 1 0 0 1 0 0 1
+3 * 1
+4 +2 1
+3 * 1
+3 * 1
+4 * 1
+4 +1 1
+4 -1 1
+2 +3 1
+2 * 1
+2 -5 1
+3 +31 1 0 1
+7 -31 1
+3 * 1
+4 +2 1
+3 * 1
+3 * 1
+4 * 1
+4 +1 1 0 0 1 0 0 1
+4 -1 1
+2 +3 1
+2 * 1
+2 -5 1
+3 +31 1 0 1
+7 -31 1
+3 * 1
+4 +2 1
+3 * 1
0x21451f +3 33332
+2 * 33332
+2 -5 33332
+3 +31 33332 0 33332
+7 -31 33332
+3 * 33332
+4 +2 33332
+3 * 33332
+3 * 33332
+4 * 33332
+4 +1 33332
+4 -1 33332
+2 +3 33332
+2 * 33332
+2 -5 33332
+3 +31 33332 0 33332
+7 -31 33332
+3 * 33332
+4 +2 33332
+3 * 33332
+3 * 33332
+4 * 33332
+4 +1 33332
+4 -1 33332
+2 +3 33332
+2 * 33332
+2 -5 33332
+3 +31 33332 0 33332
+7 -31 33332
+3 * 33332
+4 +2 33332
+3 * 33332
+3 * 33332
+4 * 33332
+4 +1 33332
+4 -1 33332
+2 +3 33332
+2 * 33332
+2 -5 33332
+3 +31 33332 0 33332
+7 -31 33332
+3 * 33332
+4 +2 33332
+3 * 33332
+3 * 33332
+4 * 33332
+4 +1 33332
+4 -1 33332
+2 +3 33332
+2 * 33332
+2 -5 33332
+3 +31 33332 0 33332
+7 -31 33332
+3 * 33332
+4 +2 33332
+3 * 33332
+3 * 33332
+4 * 33332
+4 +1 33332
+4 -1 33332
0x21452d -2 133332
+3 * 133332
+4 +2 133332
+3 * 133332
+3 * 133332
+4 * 133332
+4 +1 133332
+4 -1 133332
+2 +3 133332
+2 * 133332
+2 -5 133332
+3 +31 133332 0 133332
+7 -31 133332
+3 * 133332
+4 +2 133332
+3 * 133332
+3 * 133332
+4 * 133332
+4 +1 133332
+4 -1 133332
+2 +3 133332
+2 * 133332
+2 -5 133332
+3 +31 133332 0 133332 0 0 1 0 0 1
+7 -31 133332
+3 * 133332
+4 +2 133332
+3 * 133332
+3 * 133332
+4 * 133332
+4 +1 133332
+4 -1 133332
+2 +3 133332
+2 * 133332
+2 -5 133332
+3 +31 133332 0 133332
+7 -31 133332
+3 * 133332
+4 +2 133332
+3 * 133332
+3 * 133332
+4 * 133332
+4 +1 133332
+4 -1 133332
+2 +3 133332
+2 * 133332
+2 -5 133332
+3 +31 133332 0 133332
+7 -31 133332
+3 * 133332
+4 +2 133332
+3 * 133332
+3 * 133332
+4 * 133332
+4 +1 133332
+4 -1 133332
+2 +3 133332
+2 * 133332
+2 +26 133332 0 133332
+7 -31 133332
-25 +2 1
+4 * 1
+4 +1 1
+4 -1 1
+2 +3 1
+2 * 1
+2 +26 1 0 1
+7 -31 1
+3 +27 1
+4 * 1 0 0 1 0 0 1
+7 * 1
jcnd=1/1 0x214460 -27 
* * 
-25 -22 33332
+2 * 33332
+2 +26 33332 0 33332
+7 -31 33332
+3 +27 33332
+4 * 33332
+7 * 33332
jcnd=33332/33332 0x214460 -27 
* * 
-11 * 133332
+4 * 133332
+7 * 133332
jcnd=99999/133332 0x214460 -27 
* * 
fi=(8)
+6 159 33333 33333
+9 * 33333 33333 0 0 1 0 0 1
+8 * 33333 33333 0 0 168 0 0 1
+8 * 33333 33333
+9 * 33333 33333
+9 * 33333 33333
fi=(20)
+9 0 33333 0 33333 1 0 0 1
+7 0 33333 33333 0 0 1
+8 0 33333
fi=(21) /home/sleepy/toy/nya/zig-nya/nyaffered_writer.zig
+8 40 33333
fi=(8)
+3 159 33333
+4 * 33333
+4 * 33333
+5 * 33333
+4 * 33333
+5 * 33333
+4 * 33333
+4 * 33333 0 33333
+9 * 33333 0 0 1 0 0 1
+4 * 33333
+4 * 33333
+5 * 33333
+4 * 33333
+5 * 33333
+4 * 33333
+4 * 33333 0 33333
+9 * 33333
+4 * 33333
+4 * 33333
+5 * 33333
+4 * 33333
+5 * 33333 0 0 1 0 0 1
+4 * 33333
+4 * 33333 0 33333
+9 * 33333
+4 * 33333
+4 * 33333
+5 * 33333
+4 * 33333
+5 * 33333
+4 * 33333
+4 * 33333 0 33333
+9 * 33333 33333
+9 * 33333 0 0 1 0 0 1
+4 * 33333
+4 * 33333
+5 * 33333
+4 * 33333
+5 * 33333
+4 * 33333
+4 * 33333 0 33333
+9 * 33333 33333
+9 * 33333
+4 * 33333
+4 * 33333
+5 * 33333
+4 * 33333 0 0 1 0 0 1
+5 * 33333
+4 * 33333
+4 * 33333 0 33333
+9 * 33333 33333
+8 * 33333
+6 * 33333
+2 * 33333
+3 * 33333
+2 * 33333
+3 * 33333
+2 * 33333
+2 * 33333
+3 * 33333
+6 * 33333
+2 * 33333 0 33333 1 0 0 1
+8 * 33333 33333
+8 * 33333
+6 * 33333
+2 * 33333
+3 * 33333
+2 * 33333
+3 * 33333
+2 * 33333
+2 * 33333
+3 * 33333
+6 * 33333
+2 * 33333 0 33333
+8 * 33333 33333
+8 * 33333 0 0 1 0 0 1
+6 * 33333
+2 * 33333
+3 * 33333
+2 * 33333
+3 * 33333
+2 * 33333
+2 * 33333
+3 * 33333
+6 * 33333
+2 * 33333 0 33333
+8 * 33333 33333
+8 * 33333
+6 * 33333
+2 * 33333
+3 * 33333
+2 * 33333
+3 * 33333
+2 * 33333
+2 * 33333 0 0 1 0 0 1
+3 * 33333
+6 * 33333
+2 * 33333 0 33333
+8 +3 33333 33333
+8 +1 33333
+4 * 33333 33333 0 0 29
+5 * 33333 33333
fi=(21)
+4 39 33333
+3 * 33333
+4 * 33333
+4 +1 33333
+3 * 33333 0 33333
cfi=(4)
cfn=(8)
calls=33333 0x23e5e0 -29 
* * 3382769 586861 553528 0 506 1
+5 +1 33333 33333 0 1 0 0 1
fi=(8)
+8 162 33333 33333
fi=(21)
+8 41 33333 0 33333
fi=(8)
+8 163 33333
fi=(21)
+4 40 33333
fi=(8)
+3 163 33333 33333 0 0 42
+5 * 33333 33333
fi=(21)
+4 40 33333
+3 -1 33333
+3 * 33333
+4 * 33333
+4 +1 33333 0 33333
cfi=(4)
cfn=(8)
calls=33333 0x23e5e0 -29 
* * 3381999 586806 553473 0 506
+5 +1 33333 33333
fi=(8)
+8 162 33333 33333 0 1 0 0 1
fi=(21)
+8 41 33333 0 33333
fi=(8)
+8 163 33333
fi=(21)
+4 40 33333
fi=(8)
+3 163 33333 33333 0 0 49
+5 * 33333 33333
fi=(21)
+4 40 33333
+3 -1 33333
+3 * 33333
+4 * 33333
+4 +1 33333 0 33333
cfi=(4)
cfn=(8)
calls=33333 0x23e5e0 -29 
* * 3379731 586644 553311 0 482
+5 +1 33333 33333
fi=(8)
+8 162 33333 33333
fi=(21)
+8 41 33333 0 33333 1 0 0 1
fi=(8)
+8 163 33333
fi=(21)
+4 40 33333
fi=(8)
+3 163 33333 33333 0 0 45
+5 * 33333 33333
fi=(21)
+4 40 33333
+3 -1 33333
+3 * 33333
+4 * 33333
+4 +1 33333 0 33333
cfi=(4)
cfn=(8)
calls=33333 0x23e5e0 -29 
* * 3382937 586873 553540 0 480
+5 +1 33333 33333
fi=(8)
+8 162 33333 33333
fi=(21)
+8 41 33333 0 33333 1 0 0 1
fi=(8)
+8 163 33333
fi=(21)
+4 40 33333
fi=(8)
+3 163 33333 33333 0 0 42
+5 * 33333 33333
fi=(21)
+4 40 33333
+3 -1 33333
+3 * 33333
+4 * 33333
+4 +1 33333 0 33333
cfi=(4)
cfn=(8)
calls=33333 0x23e5e0 -29 
* * 3381915 586800 553467 0 443
+5 +1 33333 33333
fi=(8)
+8 162 33333 33333
fi=(21)
+8 41 33333 0 33333
fi=(8)
+8 163 33333 0 0 1 0 0 1
fi=(21)
+4 40 33333
fi=(8)
+3 163 33333 33333 0 0 48
+5 * 33333 33333
fi=(21)
+4 40 33333
+3 -1 33333
+3 * 33333
+4 * 33333
+4 +1 33333 0 33333
cfi=(4)
cfn=(8)
calls=33333 0x23e5e0 -29 
* * 3381341 586759 553426 0 464 1 0 0 1
+5 +1 33333 33333
fi=(8)
+8 162 33333 33333
fi=(21)
+8 41 33333 0 33333
fi=(8)
+8 163 33333
fi=(21)
+4 40 33333
fi=(8)
+3 163 33333 33333 0 1 46 0 1
+5 * 33333 33333
fi=(21)
+4 40 33333
+3 -1 33333
+3 * 33333
+4 * 33333
+4 +1 33333 0 33333
cfi=(4)
cfn=(8)
calls=33333 0x23e5e0 -29 
* * 3380319 586686 553353 0 470
+5 +1 33333 33333
fi=(8)
+8 162 33333 33333
fi=(21)
+8 41 33333 0 33333
fi=(8)
+8 163 33333
fi=(21)
+4 40 33333
fi=(8)
+3 163 33333 33333 0 0 32
+5 * 33333 33333 0 1 0 0 1
fi=(21)
+4 40 33333
+3 -1 33333
+3 * 33333
+4 * 33333
+4 +1 33333 0 33333
cfi=(4)
cfn=(8)
calls=33333 0x23e5e0 -29 
* * 3381733 586787 553454 0 542
+5 +1 33333 33333
fi=(8)
+8 162 33333 33333
fi=(21)
+8 41 33333 0 33333
fi=(8)
+8 163 33333
fi=(21)
+4 40 33333
fi=(8)
+3 163 33333 33333 0 0 56
+5 * 33333 33333
fi=(21)
+4 40 33333 0 0 1 0 0 1
+3 -1 33333
+3 * 33333
+4 * 33333
+4 +1 33333 0 33333
cfi=(4)
cfn=(8)
calls=33333 0x23e5e0 -29 
* * 3381817 586793 553460 0 519
+5 +1 33333 33333
fi=(8)
+8 162 33333 33333
fi=(21)
+8 41 33333 0 33333
fi=(8)
+8 163 33333
fi=(21)
+4 40 33333
fi=(8)
+3 163 33333 33333 0 0 39
+5 * 33333 33333
fi=(21)
+4 40 33333
+3 -1 33333
+3 * 33333 0 0 1 0 0 1
+4 * 33333
+4 +1 33333 0 33333
cfi=(4)
cfn=(8)
calls=33333 0x23e5e0 -29 
* * 3379773 586647 553314 0 466 1 0 0 1
+5 +1 33333 33333
fi=(8)
+8 162 33333 33333
fi=(21)
+8 41 33333 0 33333
fi=(8)
+8 163 33333
fi=(21)
+4 40 33333
fi=(8)
+3 163 33333 33333 0 0 29
+5 * 33333 33333
fi=(21)
+4 40 33333
+3 -1 33333
+3 * 33333
+4 * 33333 0 0 1 0 0 1
+4 +1 33333 0 33333
cfi=(4)
cfn=(8)
calls=33333 0x23e5e0 -29 
* * 3382615 586850 553517 0 516
+5 +1 33333 33333
fi=(8)
+8 162 33333 33333
fi=(21)
+8 41 33333 0 33333
fi=(8)
+8 163 33333
fi=(21)
+4 40 33333
fi=(8)
+3 163 33333 33333 0 0 45
+5 * 33333 33333
fi=(21)
+4 40 33333
+3 -1 33333
+3 * 33333
+4 * 33333
+4 +1 33333 0 33333 1 0 0 1
cfi=(4)
cfn=(8)
calls=33333 0x23e5e0 -29 
* * 3382251 586824 553491 0 510
+5 +1 33333 33333
fi=(8)
+8 162 33333 33333
fi=(21)
+8 41 33333 0 33333
fi=(8)
+8 163 33333
fi=(21)
+4 40 33333
fi=(8)
+3 163 33333 33333 0 0 50
+5 * 33333 33333
fi=(21)
+4 40 33333
+3 -1 33333
+3 * 33333
+4 * 33333
+4 +1 33333 0 33333
cfi=(4)
cfn=(8)
calls=33333 0x23e5e0 -29 
* * 3380669 586711 553378 0 499 1 0 0 1
+5 +1 33333 33333 0 1 0 0 1
fi=(8)
+8 162 33333 33333
fi=(21)
+8 41 33333 0 33333
fi=(8)
+8 163 33333
fi=(21)
+4 40 33333
fi=(8)
+3 163 33333 33333 0 0 35
+5 * 33333 33333
fi=(21)
+4 40 33333
+3 -1 33333
+3 * 33333
+4 * 33333
+4 +1 33333 0 33333
cfi=(4)
cfn=(8)
calls=33333 0x23e5e0 -29 
* * 3383735 586930 553597 0 460
+5 +1 33333 33333
fi=(8)
+8 162 33333 33333 0 1 0 0 1
fi=(21)
+8 41 33333 0 33333
fi=(8)
+8 163 33333
fi=(21)
+4 40 33333
fi=(8)
+3 163 33333 33333 0 0 47
+5 * 33333 33333
fi=(21)
+4 40 33333
+3 -1 33333
+3 * 33333
+4 * 33333
+4 +1 33333 0 33333
cfi=(4)
cfn=(8)
calls=33333 0x23e5e0 -29 
* * 3381243 586752 553419 0 514
+5 +1 33333 33333
fi=(8)
+8 162 33333 33333 0 1 0 0 1
fi=(21)
+8 41 33333 0 33333
fi=(8)
+8 163 33333
fi=(21)
+4 40 33333
fi=(8)
+3 163 33333 33333 0 0 32
+5 * 33333 33333
fi=(21)
+4 40 33333
+3 -1 33333
+3 * 33333
+4 * 33333
+4 +1 33333 0 33333
cfi=(4)
cfn=(8)
calls=33333 0x23e5e0 -29 
* * 3379843 586652 553319 0 459
+5 +1 33333 33333
fi=(8)
+8 162 33333 33333
fi=(21)
+8 41 33333 0 33333 1 0 0 1
fi=(8)
+8 163 33333
fi=(21)
+4 40 33333
fi=(8)
+3 163 33333 33333 0 0 40
+5 * 33333 33333
fi=(21)
+4 40 33333
+3 -1 33333
+3 * 33333
+4 * 33333
+4 +1 33333 0 33333
cfi=(4)
cfn=(8)
calls=33333 0x23e5e0 -29 
* * 3381901 586799 553466 0 491 1 0 0 1
+5 +1 33333 33333
fi=(8)
+8 162 33333 33333
fi=(21)
+8 41 33333 0 33333 1 0 0 1
fi=(8)
+8 163 33333
fi=(21)
+4 40 33333
fi=(8)
+3 163 33333 33333 0 0 47
+5 * 33333 33333
fi=(21)
+4 40 33333
+3 -1 33333
+3 * 33333
+4 * 33333
+4 +1 33333 0 33333
cfi=(4)
cfn=(8)
calls=33333 0x23e5e0 -29 
* * 3381635 586780 553447 0 475
+5 +1 33333 33333
fi=(8)
+8 162 33333 33333
fi=(21)
+8 41 33333 0 33333
fi=(8)
+8 163 33333
fi=(21)
+4 40 33333 0 0 1 0 0 1
fi=(8)
+3 163 33333 33333 0 0 50
+5 * 33333 33333
fi=(21)
+4 40 33333
+3 -1 33333
+3 * 33333
+4 * 33333
+4 +1 33333 0 33333
cfi=(4)
cfn=(8)
calls=33333 0x23e5e0 -29 
* * 3381271 586754 553421 0 504
+5 +1 33333 33333
fi=(8)
+8 162 33333 33333
fi=(21)
+8 41 33333 0 33333
fi=(8)
+8 163 33333
fi=(21)
+4 40 33333
fi=(8)
+3 163 33333 33333 0 1 43 0 1
+5 * 33333 33333
fi=(21)
+4 40 33333
+3 -1 33333
+3 * 33333
+4 * 33333
+4 +1 33333 0 33333
cfi=(4)
cfn=(8)
calls=33333 0x23e5e0 -29 
* * 3384827 587008 553675 0 519 1 0 0 1
+5 +1 33333 33333
fi=(8)
+8 162 33333 33333
fi=(21)
+8 41 33333 0 33333
fi=(8)
+8 163 33333
fi=(21)
+4 40 33333
fi=(8)
+3 163 33333 33333 0 0 42
+5 * 33333 33333 0 1 0 0 1
fi=(21)
+4 40 33333
+3 -1 33333
+3 * 33333
+4 * 33333
+4 +1 33333 0 33333
cfi=(4)
cfn=(8)
calls=33333 0x23e5e0 -29 
* * 3380193 586677 553344 0 493
+5 +1 33333 33333
fi=(8)
+8 162 33333 33333
fi=(21)
+8 41 33333 0 33333
fi=(8)
+8 163 33333
fi=(21)
+4 40 33333
fi=(8)
+3 163 33333 33333 0 0 45
+5 * 33333 33333
fi=(21)
+4 40 33333
+3 -1 33333 0 0 1 0 0 1
+3 * 33333
+4 * 33333
+4 +1 33333 0 33333
cfi=(4)
cfn=(8)
calls=33333 0x23e5e0 -29 
* * 3382139 586816 553483 0 510
+5 +1 33333 33333
fi=(8)
+8 162 33333 33333
fi=(21)
+8 41 33333 0 33333
fi=(8)
+8 163 33333
fi=(21)
+4 40 33333
fi=(8)
+3 163 33333 33333 0 0 44
+5 * 33333 33333
fi=(21)
+4 40 33333
+3 -1 33333
+3 * 33333 0 0 1 0 0 1
+4 * 33333
+4 +1 33333 0 33333
cfi=(4)
cfn=(8)
calls=33333 0x23e5e0 -29 
* * 3380907 586728 553395 0 496
+5 +1 33333 33333
fi=(8)
+8 162 33333 33333
fi=(21)
+8 41 33333 0 33333
fi=(8)
+8 163 33333
fi=(21)
+4 40 33333
fi=(8)
+3 163 33333 33333 0 0 60
+5 * 33333 33333
fi=(21)
+4 40 33333
+3 -1 33333
+3 * 33333
+4 * 33333 0 0 1 0 0 1
+4 +1 33333 0 33333
cfi=(4)
cfn=(8)
calls=33333 0x23e5e0 -29 
* * 3380347 586688 553355 0 484 1 0 0 1
+5 +1 33333 33333
fi=(8)
+8 162 33333 33333
fi=(21)
+8 41 33333 0 33333
fi=(8)
+8 163 33333
fi=(21)
+4 40 33333
fi=(8)
+3 163 33333 33333 0 0 48
+5 * 33333 33333
fi=(21)
+4 40 33333
+3 -1 33333
+3 * 33333
+4 * 33333
+4 +1 33333 0 33333 1 0 0 1
cfi=(4)
cfn=(8)
calls=33333 0x23e5e0 -29 
* * 3383063 586882 553549 0 542
+5 +1 33333 33333
fi=(8)
+8 162 33333 33333
fi=(21)
+8 41 33333 0 33333
fi=(8)
+8 163 33333
fi=(21)
+4 40 33333
fi=(8)
+3 163 33333 33333 0 0 44
+5 * 33333 33333
fi=(21)
+4 40 33333
+3 -1 33333
+3 * 33333
+4 * 33333
+4 +1 33333 0 33333
cfi=(4)
cfn=(8)
calls=33333 0x23e5e0 -29 
* * 3380543 586702 553369 0 469
+5 +1 33333 33333 0 1 0 0 1
fi=(8)
+8 162 33333 33333
fi=(21)
+8 41 33333 0 33333
fi=(8)
+8 163 33333
fi=(21)
+4 40 33333
fi=(8)
+3 163 33333 33333 0 0 49
+5 * 33333 33333
fi=(21)
+4 40 33333
+3 -1 33333
+3 * 33333
+4 * 33333
+4 +1 33333 0 33333
cfi=(4)
cfn=(8)
calls=33333 0x23e5e0 -29 
* * 3379311 586614 553281 0 516
+5 +1 33333 33333
fi=(8)
+8 162 33333 33333 0 1 0 0 1
fi=(21)
+8 41 33333 0 33333
fi=(8)
+8 163 33333
fi=(21)
+4 40 33333
fi=(8)
+3 163 33333 33333 0 0 43
+5 * 33333 33333
fi=(21)
+4 40 33333
+3 -1 33333
+3 * 33333
+4 * 33333
+4 +1 33333 0 33333
cfi=(4)
cfn=(8)
calls=33333 0x23e5e0 -29 
* * 3380851 586724 553391 0 488
+5 +1 33333 33333
fi=(8)
+8 162 33333 33333 0 1 0 0 1
fi=(21)
+8 41 33333 0 33333
fi=(8)
+8 163 33333
fi=(21)
+4 40 33333
fi=(8)
+3 163 33333 33333 0 0 33
+5 * 33333 33333
fi=(21)
+4 40 33333
+3 -1 33333
+3 * 33333
+4 * 33333
+4 +1 33333 0 33333
cfi=(4)
cfn=(8)
calls=33333 0x23e5e0 -29 
* * 3379255 586610 553277 0 482 1 0 0 1
+5 +1 33333 33333
fi=(8)
+8 162 33333 33333
fi=(21)
+8 41 33333 0 33333 1 0 0 1
fi=(8)
+8 163 33333
fi=(21)
+4 40 33333
fi=(8)
+3 163 33333 33333 0 0 43
+5 * 33333 33333
fi=(21)
+4 40 33333
+3 -1 33333
+3 * 33333
+4 * 33333
+4 +1 33333 0 33333
cfi=(4)
cfn=(8)
calls=33333 0x23e5e0 -29 
* * 3382769 586861 553528 0 502
+5 +1 33333 33333
fi=(8)
+8 162 33333 33333
fi=(21)
+8 41 33333 0 33333
fi=(8)
+8 163 33333 0 0 1 0 0 1
fi=(21)
+4 40 33333
fi=(8)
+3 163 33333 33333 0 0 40
+5 * 33333 33333
fi=(21)
+4 40 33333
+3 -1 33333
+3 * 33333
+4 * 33333
+4 +1 33333 0 33333
cfi=(4)
cfn=(8)
calls=33333 0x23e5e0 -29 
* * 3381243 586752 553419 0 483
+5 +1 33333 33333
fi=(8)
+8 162 33333 33333
fi=(21)
+8 41 33333 0 33333
fi=(8)
+8 163 33333
fi=(21)
+4 40 33333 0 0 1 0 0 1
fi=(8)
+3 163 33333 33333 0 0 49
+5 * 33333 33333
fi=(21)
+4 40 33333
+3 -1 33333
+3 * 33333
+4 * 33333
+4 +1 33333 0 33333
cfi=(4)
cfn=(8)
calls=33333 0x23e5e0 -29 
* * 3382937 586873 553540 0 490 1 0 0 1
+5 +1 33333 33333
fi=(8)
+8 162 33333 33333
fi=(21)
+8 41 33333 0 33333
fi=(8)
+8 163 33333
fi=(21)
+4 40 33333
fi=(8)
+3 163 33333 33333 0 1 43 0 1
+5 * 33333 33333
fi=(21)
+4 40 33333
+3 -1 33333
+3 * 33333
+4 * 33333
+4 +1 33333 0 33333
cfi=(4)
cfn=(8)
calls=33333 0x23e5e0 -29 
* * 3380697 586713 553380 0 511
+5 +1 33333 33333
fi=(8)
+8 162 33333 33333
fi=(21)
+8 41 33333 0 33333
fi=(8)
+8 163 33333
fi=(21)
+4 40 33333
fi=(8)
+3 163 33333 33333 0 0 41
+5 * 33333 33333 0 1 0 0 1
fi=(21)
+4 40 33333
+3 -1 33333
+3 * 33333
+4 * 33333
+4 +1 33333 0 33333
cfi=(4)
cfn=(8)
calls=33333 0x23e5e0 -29 
* * 3384407 586978 553645 0 482
+5 +1 33333 33333
fi=(8)
+8 162 33333 33333
fi=(21)
+8 41 33333 0 33333
fi=(8)
+8 163 33333
fi=(21)
+4 40 33333
fi=(8)
+3 163 33333 33333 0 0 44
+5 * 33333 33333
fi=(21)
+4 40 33333
+3 -1 33333 0 0 1 0 0 1
+3 * 33333
+4 * 33333
+4 +1 33333 0 33333
cfi=(4)
cfn=(8)
calls=33333 0x23e5e0 -29 
* * 3381887 586798 553465 0 510
+5 +1 33333 33333
fi=(8)
+8 162 33333 33333
fi=(21)
+8 41 33333 0 33333
fi=(8)
+8 163 33333
fi=(21)
+4 40 33333
fi=(8)
+3 163 33333 33333 0 0 49
+5 * 33333 33333
fi=(21)
+4 40 33333
+3 -1 33333
+3 * 33333 0 0 1 0 0 1
+4 * 33333
+4 +1 33333 0 33333
cfi=(4)
cfn=(8)
calls=33333 0x23e5e0 -29 
* * 3382713 586857 553524 0 467 1 0 0 1
+5 +1 33333 33333
fi=(8)
+8 162 33333 33333
fi=(21)
+8 41 33333 0 33333
fi=(8)
+8 163 33333
fi=(21)
+4 40 33333
fi=(8)
+3 163 33333 33333 0 0 47
+5 * 33333 33333
fi=(21)
+4 40 33333
+3 -1 33333
+3 * 33333
+4 * 33333
+4 +1 33333 0 33333 1 0 0 1
cfi=(4)
cfn=(8)
calls=33333 0x23e5e0 -29 
* * 3382041 586809 553476 0 486
+5 +1 33333 33333
fi=(8)
+8 162 33333 33333
fi=(21)
+8 41 33333 0 33333
fi=(8)
+8 163 33333
fi=(21)
+4 40 33333
fi=(8)
+3 163 33333 33333 0 0 46
+5 * 33333 33333
fi=(21)
+4 40 33333
+3 -1 33333
+3 * 33333
+4 * 33333
+4 +1 33333 0 33333
cfi=(4)
cfn=(8)
calls=33333 0x23e5e0 -29 
* * 3383021 586879 553546 0 504
+5 +1 33333 33333 0 1 0 0 1
fi=(8)
+8 162 33333 33333
fi=(21)
+8 41 33333 0 33333
fi=(8)
+8 163 33333
fi=(21)
+4 40 33333
fi=(8)
+3 163 33333 33333 0 0 45
+5 * 33333 33333
fi=(21)
+4 40 33333
+3 -1 33333
+3 * 33333
+4 * 33333
+4 +1 33333 0 33333
cfi=(4)
cfn=(8)
calls=33333 0x23e5e0 -29 
* * 3381425 586765 553432 0 491
+5 +1 33333 33333 0 1 0 0 1
fi=(8)
+8 162 33333 33333
fi=(21)
+8 41 33333 0 33333
fi=(8)
+8 163 33333
fi=(21)
+4 40 33333
fi=(8)
+3 163 33333 33333 0 0 44
+5 * 33333 33333
fi=(21)
+4 40 33333
+3 -1 33333
+3 * 33333
+4 * 33333
+4 +1 33333 0 33333
cfi=(4)
cfn=(8)
calls=33333 0x23e5e0 -29 
* * 3382153 586817 553484 0 456 1 0 0 1
+5 +1 33333 33333
fi=(8)
+8 162 33333 33333 0 1 0 0 1
fi=(21)
+8 41 33333 0 33333
fi=(8)
+8 163 33333
fi=(21)
+4 40 33333
fi=(8)
+3 163 33333 33333 0 0 41
+5 * 33333 33333
fi=(21)
+4 40 33333
+3 -1 33333
+3 * 33333
+4 * 33333
+4 +1 33333 0 33333
cfi=(4)
cfn=(8)
calls=33333 0x23e5e0 -29 
* * 3383133 586887 553554 0 482
+5 +1 33333 33333
fi=(8)
+8 162 33333 33333 0 1 0 0 1
fi=(21)
+8 41 33333 0 33333
fi=(8)
+8 163 33333
fi=(21)
+4 40 33333
fi=(8)
+3 163 33333 33333 0 0 49
+5 * 33333 33333
fi=(21)
+4 40 33333
+3 -1 33333
+3 * 33333
+4 * 33333
+4 +1 33333 0 33333
cfi=(4)
cfn=(8)
calls=33333 0x23e5e0 -29 
* * 3382475 586840 553507 0 478
+5 +1 33333 33333
fi=(8)
+8 162 33333 33333
fi=(21)
+8 41 33333 0 33333 1 0 0 1
fi=(8)
+8 163 33333
fi=(21)
+4 40 33333
fi=(8)
+3 163 33333 33333 0 0 36
+5 * 33333 33333
fi=(21)
+4 40 33333
+3 -1 33333
+3 * 33333
+4 * 33333
+4 +1 33333 0 33333
cfi=(4)
cfn=(8)
calls=33333 0x23e5e0 -29 
* * 3381775 586790 553457 0 465
+5 +1 33333 33333
fi=(8)
+8 162 33333 33333
fi=(21)
+8 41 33333 0 33333
fi=(8)
+8 163 33333 0 0 1 0 0 1
fi=(21)
+4 40 33333
fi=(8)
+3 163 33333 33333 0 0 46
+5 * 33333 33333
fi=(21)
+4 40 33333
+3 -1 33333
+3 * 33333
+4 * 33333
+4 +1 33333 0 33333
cfi=(4)
cfn=(8)
calls=33333 0x23e5e0 -29 
* * 3382489 586841 553508 0 492
+5 +1 33333 33333
fi=(8)
+8 162 33333 33333
fi=(21)
+8 41 33333 0 33333
fi=(8)
+8 163 33333
fi=(21)
+4 40 33333 0 0 1 0 0 1
fi=(8)
+3 163 33333 33333 0 0 51
+5 * 33333 33333
fi=(21)
+4 40 33333
+3 -1 33333
+3 * 33333
+4 * 33333
+4 +1 33333 0 33333
cfi=(4)
cfn=(8)
calls=33333 0x23e5e0 -29 
* * 3381775 586790 553457 0 472 1 0 0 1
+5 +1 33333 33333
fi=(8)
+8 162 33333 33333
fi=(21)
+8 41 33333 0 33333
fi=(8)
+8 163 33333
fi=(21)
+4 40 33333
fi=(8)
+3 163 33333 33333 0 1 55 0 1
+5 * 33333 33333
fi=(21)
+4 40 33333
+3 -1 33333
+3 * 33333
+4 * 33333
+4 +1 33333 0 33333
cfi=(4)
cfn=(8)
calls=33333 0x23e5e0 -29 
* * 3379703 586642 553309 0 494
+5 +1 33333 33333
fi=(8)
+8 162 33333 33333
fi=(21)
+8 41 33333 0 33333
fi=(8)
+8 163 33333
fi=(21)
+4 40 33333
fi=(8)
+3 163 33333 33333 0 0 49
+5 * 33333 33333
fi=(21)
+4 40 33333 0 0 1 0 0 1
+3 -1 33333
+3 * 33333
+4 * 33333
+4 +1 33333 0 33333
cfi=(4)
cfn=(8)
calls=33333 0x23e5e0 -29 
* * 3379521 586629 553296 0 493
+5 +1 33333 33333
fi=(8)
+8 162 33333 33333
fi=(21)
+8 41 33333 0 33333
fi=(8)
+8 163 33333
fi=(21)
+4 40 33333
fi=(8)
+3 163 33333 33333 0 0 49
+5 * 33333 33333
fi=(21)
+4 40 33333
+3 -1 33333 0 0 1 0 0 1
+3 * 33333
+4 * 33333
+4 +1 33333 0 33333
cfi=(4)
cfn=(8)
calls=33333 0x23e5e0 -29 
* * 3380641 586709 553376 0 540
+5 +1 33333 33333
fi=(8)
+8 162 33333 33333
fi=(21)
+8 41 33333 0 33333
fi=(8)
+8 163 33333
fi=(21)
+4 40 33333
fi=(8)
+3 163 33333 33333 0 0 44
+5 * 33333 33333
fi=(21)
+4 40 33333
+3 -1 33333
+3 * 33333
+4 * 33333 0 0 1 0 0 1
+4 +1 33333 0 33333
cfi=(4)
cfn=(8)
calls=33333 0x23e5e0 -29 
* * 3381355 586760 553427 0 475 1 0 0 1
+5 +1 33333 33333
fi=(8)
+8 162 33333 33333
fi=(21)
+8 41 33333 0 33333
fi=(8)
+8 163 33333
fi=(21)
+4 40 33333
fi=(8)
+3 163 33333 33333 0 0 43
+5 * 33333 33333
fi=(21)
+4 40 33333
+3 -1 33333
+3 * 33333
+4 * 33333
+4 +1 33333 0 33333 1 0 0 1
cfi=(4)
cfn=(8)
calls=33333 0x23e5e0 -29 
* * 3381523 586772 553439 0 492
+5 +1 33333 33333
fi=(8)
+8 162 33333 33333
fi=(21)
+8 41 33333 0 33333
fi=(8)
+8 163 33333
fi=(21)
+4 40 33333
fi=(8)
+3 163 33333 33333 0 0 39
+5 * 33333 33333
fi=(21)
+4 40 33333
+3 -1 33333
+3 * 33333
+4 * 33333
+4 +1 33333 0 33333
cfi=(4)
cfn=(8)
calls=33333 0x23e5e0 -29 
* * 3382769 586861 553528 0 513 1 0 0 1
+5 +1 33333 33333 0 1 0 0 1
fi=(8)
+8 162 33333 33333
fi=(21)
+8 41 33333 0 33333
fi=(8)
+8 163 33333
fi=(21)
+4 40 33333
fi=(8)
+3 163 33333 33333 0 0 31
+5 * 33333 33333
fi=(21)
+4 40 33333
+3 -1 33333
+3 * 33333
+4 * 33333
+4 +1 33333 0 33333
cfi=(4)
cfn=(8)
calls=33333 0x23e5e0 -29 
* * 3381985 586805 553472 0 471
+5 +1 33333 33333 0 1 0 0 1
fi=(8)
+8 162 33333 33333
fi=(21)
+8 41 33333 0 33333
fi=(8)
+8 163 33333
fi=(21)
+4 40 33333
fi=(8)
+3 163 33333 33333 0 0 42
+5 * 33333 33333
fi=(21)
+4 40 33333
+3 -1 33333
+3 * 33333
+4 * 33333
+4 +1 33333 0 33333
cfi=(4)
cfn=(8)
calls=33333 0x23e5e0 -29 
* * 3383525 586915 553582 0 497
+5 +1 33333 33333
fi=(8)
+8 162 33333 33333 0 1 0 0 1
fi=(21)
+8 41 33333 0 33333
fi=(8)
+8 163 33333
fi=(21)
+4 40 33333
fi=(8)
+3 163 33333 33333 0 0 52
+5 * 33333 33333
fi=(21)
+4 40 33333
+3 -1 33333
+3 * 33333
+4 * 33333
+4 +1 33333 0 33333
cfi=(4)
cfn=(8)
calls=33333 0x23e5e0 -29 
* * 3381019 586736 553403 0 499
+5 +1 33333 33333
fi=(8)
+8 162 33333 33333
fi=(21)
+8 41 33333 0 33333 1 0 0 1
fi=(8)
+8 163 33333
fi=(21)
+4 40 33333
fi=(8)
+3 163 33333 33333 0 0 42
+5 * 33333 33333
fi=(21)
+4 40 33333
+3 -1 33333
+3 * 33333
+4 * 33333
+4 +1 33333 0 33333
cfi=(4)
cfn=(8)
calls=33333 0x23e5e0 -29 
* * 3380277 586683 553350 0 512
+5 +1 33333 33333
fi=(8)
+8 162 33333 33333
fi=(21)
+8 41 33333 0 33333 1 0 0 1
fi=(8)
+8 163 33333
fi=(21)
+4 40 33333
fi=(8)
+3 163 33333 33333 0 0 41
+5 * 33333 33333
fi=(21)
+4 40 33333
+3 -1 33333
+3 * 33333
+4 * 33333
+4 +1 33333 0 33333
cfi=(4)
cfn=(8)
calls=33333 0x23e5e0 -29 
* * 3384141 586959 553626 0 495 1 0 0 1
+5 +1 33333 33333
fi=(8)
+8 162 33333 33333
fi=(21)
+8 41 33333 0 33333
fi=(8)
+8 163 33333 0 0 1 0 0 1
fi=(21)
+4 40 33333
fi=(8)
+3 163 33333 33333 0 0 61
+5 * 33333 33333
fi=(21)
+4 40 33333
+3 -1 33333
+3 * 33333
+4 * 33333
+4 +1 33333 0 33333
cfi=(4)
cfn=(8)
calls=33333 0x23e5e0 -29 
* * 3382531 586844 553511 0 454
+5 +1 33333 33333
fi=(8)
+8 162 33333 33333
fi=(21)
+8 41 33333 0 33333
fi=(8)
+8 163 33333
fi=(21)
+4 40 33333
fi=(8)
+3 163 33333 33333 0 1 41 0 1
+5 * 33333 33333
fi=(21)
+4 40 33333
+3 -1 33333
+3 * 33333
+4 * 33333
+4 +1 33333 0 33333
cfi=(4)
cfn=(8)
calls=33333 0x23e5e0 -29 
* * 3380977 586733 553400 0 477
+5 +1 33333 33333
fi=(8)
+8 162 33333 33333
fi=(21)
+8 41 33333 0 33333
fi=(8)
+8 163 33333
fi=(21)
+4 40 33333
fi=(8)
+3 163 33333 33333 0 0 44
+5 * 33333 33333 0 1 0 0 1
fi=(21)
+4 40 33333
+3 -1 33333
+3 * 33333
+4 * 33333
+4 +1 33333 0 33333
cfi=(4)
cfn=(8)
calls=33333 0x23e5e0 -29 
* * 3381481 586769 553436 0 499
+5 +1 33333 33333
fi=(8)
+8 162 33333 33333
fi=(21)
+8 41 33333 0 33333
fi=(8)
+8 163 33333
fi=(21)
+4 40 33333
fi=(8)
+3 163 33333 33333 0 0 50
+5 * 33333 33333
fi=(21)
+4 40 33333 0 0 1 0 0 1
+3 -1 33333
+3 * 33333
+4 * 33333
+4 +1 33333 0 33333
cfi=(4)
cfn=(8)
calls=33333 0x23e5e0 -29 
* * 3381229 586751 553418 0 482 1 0 0 1
+5 +1 33333 33333
fi=(8)
+8 162 33333 33333
fi=(21)
+8 41 33333 0 33333
fi=(8)
+8 163 33333
fi=(21)
+4 40 33333
fi=(8)
+3 163 33333 33333 0 0 35
+5 * 33333 33333
fi=(21)
+4 40 33333
+3 -1 33333
+3 * 33333 0 0 1 0 0 1
+4 * 33333
+4 +1 33333 0 33333
cfi=(4)
cfn=(8)
calls=33333 0x23e5e0 -29 
* * 3382559 586846 553513 0 499
+5 +1 33333 33333
fi=(8)
+8 162 33333 33333
fi=(21)
+8 41 33333 0 33333
fi=(8)
+8 163 33333
fi=(21)
+4 40 33333
fi=(8)
+3 163 33333 33333 0 0 40
+5 * 33333 33333
fi=(21)
+4 40 33333
+3 -1 33333
+3 * 33333
+4 * 33333 0 0 1 0 0 1
+4 +1 33333 0 33333
cfi=(4)
cfn=(8)
calls=33333 0x23e5e0 -29 
* * 3381439 586766 553433 0 476
+5 +1 33333 33333
fi=(8)
+8 162 33333 33333
fi=(21)
+8 41 33333 0 33333
fi=(8)
+8 163 33333
fi=(21)
+4 40 33333
fi=(8)
+3 163 33333 33333 0 0 38
+5 * 33333 33333
fi=(21)
+4 40 33333
+3 -1 33333
+3 * 33333
+4 * 33333
+4 +1 33333 0 33333 1 0 0 1
cfi=(4)
cfn=(8)
calls=33333 0x23e5e0 -29 
* * 3381873 586797 553464 0 493 1 0 0 1
+5 +1 33333 33333
fi=(8)
+8 162 33333 33333
fi=(21)
+8 41 33333 0 33333
fi=(8)
+8 163 33333
fi=(21)
+4 40 33333
fi=(8)
+3 163 33333 33333 0 0 44
+5 * 33333 33333
fi=(21)
+4 40 33333
+3 -1 33333
+3 * 33333
+4 * 33333
+4 +1 33333 0 33333
cfi=(4)
cfn=(8)
calls=33333 0x23e5e0 -29 
* * 3382125 586815 553482 0 502
+5 +1 33333 33333 0 1 0 0 1
fi=(8)
+8 162 33333 33333
fi=(21)
+8 41 33333 0 33333
fi=(8)
+8 163 33333
fi=(21)
+4 40 33333
fi=(8)
+3 163 33333 33333 0 0 42
+5 * 33333 33333
fi=(21)
+4 40 33333
+3 -1 33333
+3 * 33333
+4 * 33333
+4 +1 33333 0 33333
cfi=(4)
cfn=(8)
calls=33333 0x23e5e0 -29 
* * 3379493 586627 553294 0 497
+5 +1 33333 33333 0 1 0 0 1
fi=(8)
+8 162 33333 33333
fi=(21)
+8 41 33333 0 33333
fi=(8)
+8 163 33333
fi=(21)
+4 40 33333
fi=(8)
+3 163 33333 33333 0 0 46
+5 * 33333 33333
fi=(21)
+4 40 33333
+3 -1 33333
+3 * 33333
+4 * 33333
+4 +1 33333 0 33333
cfi=(4)
cfn=(8)
calls=33333 0x23e5e0 -29 
* * 3382601 586849 553516 0 491
+5 +1 33333 33333
fi=(8)
+8 162 33333 33333 0 1 0 0 1
fi=(21)
+8 41 33333 0 33333
fi=(8)
+8 163 33333
fi=(21)
+4 40 33333
fi=(8)
+3 163 33333 33333 0 0 60
+5 * 33333 33333
fi=(21)
+4 40 33333
+3 -1 33333
+3 * 33333
+4 * 33333
+4 +1 33333 0 33333
cfi=(4)
cfn=(8)
calls=33333 0x23e5e0 -29 
* * 3382405 586835 553502 0 494
+5 +1 33333 33333
fi=(8)
+8 162 33333 33333
fi=(21)
+8 41 33333 0 33333 1 0 0 1
fi=(8)
+8 163 33333
fi=(21)
+4 40 33333
fi=(8)
+3 163 33333 33333 0 0 47
+5 * 33333 33333
fi=(21)
+4 40 33333
+3 -1 33333
+3 * 33333
+4 * 33333
+4 +1 33333 0 33333
cfi=(4)
cfn=(8)
calls=33333 0x23e5e0 -29 
* * 3382713 586857 553524 0 524 1 0 0 1
+5 +1 33333 33333
fi=(8)
+8 162 33333 33333
fi=(21)
+8 41 33333 0 33333 1 0 0 1
fi=(8)
+8 163 33333
fi=(21)
+4 40 33333
fi=(8)
+3 163 33333 33333 0 0 40
+5 * 33333 33333
fi=(21)
+4 40 33333
+3 -1 33333
+3 * 33333
+4 * 33333
+4 +1 33333 0 33333
cfi=(4)
cfn=(8)
calls=33333 0x23e5e0 -29 
* * 3382363 586832 553499 0 527
+5 +1 33333 33333
fi=(8)
+8 162 33333 33333
fi=(21)
+8 41 33333 0 33333
fi=(8)
+8 163 33333 0 0 1 0 0 1
fi=(21)
+4 40 33333
fi=(8)
+3 163 33333 33333 0 0 38
+5 * 33333 33333
fi=(21)
+4 40 33333
+3 -1 33333
+3 * 33333
+4 * 33333
+4 +1 33333 0 33333
cfi=(4)
cfn=(8)
calls=33333 0x23e5e0 -29 
* * 3381313 586757 553424 0 470
+5 +1 33333 33333
fi=(8)
+8 162 33333 33333
fi=(21)
+8 41 33333 0 33333
fi=(8)
+8 163 33333
fi=(21)
+4 40 33333
fi=(8)
+3 163 33333 33333 0 1 43 0 1
+5 * 33333 33333
fi=(21)
+4 40 33333
+3 -1 33333
+3 * 33333
+4 * 33333
+4 +1 33333 0 33333
cfi=(4)
cfn=(8)
calls=33333 0x23e5e0 -29 
* * 3380543 586702 553369 0 510 1 0 0 1
+5 +1 33333 33333
fi=(8)
+8 162 33333 33333
fi=(21)
+8 41 33333 0 33333
fi=(8)
+8 163 33333
fi=(21)
+4 40 33333
fi=(8)
+3 163 33333 33333 0 0 53
+5 * 33333 33333 0 1 0 0 1
fi=(21)
+4 40 33333
+3 -1 33333
+3 * 33333
+4 * 33333
+4 +1 33333 0 33333
cfi=(4)
cfn=(8)
calls=33333 0x23e5e0 -29 
* * 3381775 586790 553457 0 498
+5 +1 33333 33333
fi=(8)
+8 162 33333 33333
fi=(21)
+8 41 33333 0 33333
fi=(8)
+8 163 33333
fi=(21)
+4 40 33333
fi=(8)
+3 163 33333 33333 0 0 48
+5 * 33333 33333
fi=(21)
+4 40 33333 0 0 1 0 0 1
+3 -1 33333
+3 * 33333
+4 * 33333
+4 +1 33333 0 33333
cfi=(4)
cfn=(8)
calls=33333 0x23e5e0 -29 
* * 3382013 586807 553474 0 477
+5 +1 33333 33333
fi=(8)
+8 162 33333 33333
fi=(21)
+8 41 33333 0 33333
fi=(8)
+8 163 33333
fi=(21)
+4 40 33333
fi=(8)
+3 163 33333 33333 0 0 54
+5 * 33333 33333
fi=(21)
+4 40 33333
+3 -1 33333
+3 * 33333 0 0 1 0 0 1
+4 * 33333
+4 +1 33333 0 33333
cfi=(4)
cfn=(8)
calls=33333 0x23e5e0 -29 
* * 3380767 586718 553385 0 487
+5 +1 33333 33333
fi=(8)
+8 162 33333 33333
fi=(21)
+8 41 33333 0 33333
fi=(8)
+8 163 33333
fi=(21)
+4 40 33333
fi=(8)
+3 163 33333 33333 0 0 43
+5 * 33333 33333
fi=(21)
+4 40 33333
+3 -1 33333
+3 * 33333
+4 * 33333 0 0 1 0 0 1
+4 +1 33333 0 33333
cfi=(4)
cfn=(8)
calls=33333 0x23e5e0 -29 
* * 3382489 586841 553508 0 491
+5 +1 33333 33333
fi=(8)
+8 162 33333 33333
fi=(21)
+8 41 33333 0 33333
fi=(8)
+8 163 33333
fi=(21)
+4 40 33333
fi=(8)
+3 163 33333 33333 0 0 40
+5 * 33333 33333
fi=(21)
+4 40 33333
+3 -1 33333
+3 * 33333
+4 * 33333
+4 +1 33333 0 33333 1 0 0 1
cfi=(4)
cfn=(8)
calls=33333 0x23e5e0 -29 
* * 3382293 586827 553494 0 488 1 0 0 1
+5 +1 33333 33333
fi=(8)
+8 162 33333 33333
fi=(21)
+8 41 33333 0 33333
fi=(8)
+8 163 33333
fi=(21)
+4 40 33333
fi=(8)
+3 163 33333 33333 0 0 40
+5 * 33333 33333
fi=(21)
+4 40 33333
+3 -1 33333
+3 * 33333
+4 * 33333
+4 +1 33333 0 33333
cfi=(4)
cfn=(8)
calls=33333 0x23e5e0 -29 
* * 3381509 586771 553438 0 482
+5 +1 33333 33333 0 1 0 0 1
fi=(8)
+8 162 33333 33333
fi=(21)
+8 41 33333 0 33333
fi=(8)
+8 163 33333
fi=(21)
+4 40 33333
fi=(8)
+3 163 33333 33333 0 0 47
+5 * 33333 33333
fi=(21)
+4 40 33333
+3 -1 33333
+3 * 33333
+4 * 33333
+4 +1 33333 0 33333
cfi=(4)
cfn=(8)
calls=33333 0x23e5e0 -29 
* * 3380473 586697 553364 0 498
+5 +1 33333 33333
fi=(8)
+8 162 33333 33333 0 1 0 0 1
fi=(21)
+8 41 33333 0 33333
fi=(8)
+8 163 33333
fi=(21)
+4 40 33333
fi=(8)
+3 163 33333 33333 0 0 41
+5 * 33333 33333
fi=(21)
+4 40 33333
+3 -1 33333
+3 * 33333
+4 * 33333
+4 +1 33333 0 33333
cfi=(4)
cfn=(8)
calls=33333 0x23e5e0 -29 
* * 3380137 586673 553340 0 527 1 0 0 1
+5 +1 33333 33333
fi=(8)
+8 162 33333 33333 0 1 0 0 1
fi=(21)
+8 41 33333 0 33333
fi=(8)
+8 163 33333
fi=(21)
+4 40 33333
fi=(8)
+3 163 33333 33333 0 0 46
+5 * 33333 33333
fi=(21)
+4 40 33333
+3 -1 33333
+3 * 33333
+4 * 33333
+4 +1 33333 0 33333
cfi=(4)
cfn=(8)
calls=33333 0x23e5e0 -29 
* * 3383301 586899 553566 0 510
+5 +1 33333 33333
fi=(8)
+8 162 33333 33333
fi=(21)
+8 41 33333 0 33333 1 0 0 1
fi=(8)
+8 163 33333
fi=(21)
+4 40 33333
fi=(8)
+3 163 33333 33333 0 0 41
+5 * 33333 33333
fi=(21)
+4 40 33333
+3 -1 33333
+3 * 33333
+4 * 33333
+4 +1 33333 0 33333
cfi=(4)
cfn=(8)
calls=33333 0x23e5e0 -29 
* * 3383147 586888 553555 0 504
+5 +1 33333 33333
fi=(8)
+8 162 33333 33333
fi=(21)
+8 41 33333 0 33333 1 0 0 1
fi=(8)
+8 163 33333
fi=(21)
+4 40 33333
fi=(8)
+3 163 33333 33333 0 0 49
+5 * 33333 33333
fi=(21)
+4 40 33333
+3 -1 33333
+3 * 33333
+4 * 33333
+4 +1 33333 0 33333
cfi=(4)
cfn=(8)
calls=33333 0x23e5e0 -29 
* * 3380165 586675 553342 0 499
+5 +1 33333 33333
fi=(8)
+8 162 33333 33333
fi=(21)
+8 41 33333 0 33333
fi=(8)
+8 163 33333
fi=(21)
+4 40 33333 0 0 1 0 0 1
fi=(8)
+3 163 33333 33333 0 0 38
+5 * 33333 33333
fi=(21)
+4 40 33333
+3 -1 33333
+3 * 33333
+4 * 33333
+4 +1 33333 0 33333
cfi=(4)
cfn=(8)
calls=33333 0x23e5e0 -29 
* * 3381971 586804 553471 0 515 1 0 0 1
+5 +1 33333 33333
fi=(8)
+8 162 33333 33333
fi=(21)
+8 41 33333 0 33333
fi=(8)
+8 163 33333
fi=(21)
+4 40 33333
fi=(8)
+3 163 33333 33333 0 1 55 0 1
+5 * 33333 33333
fi=(21)
+4 40 33333
+3 -1 33333
+3 * 33333
+4 * 33333
+4 +1 33333 0 33333
cfi=(4)
cfn=(8)
calls=33333 0x23e5e0 -29 
* * 3380921 586729 553396 0 539
+5 +1 33333 33333
fi=(8)
+8 162 33333 33333 0 0 4
fi=(21)
+8 41 33333 0 33333
fi=(8)
+8 163 33333
fi=(21)
+4 40 33333
fi=(8)
+3 163 33333 33333 0 0 34
+5 * 33333 33333 0 1 0 0 1
fi=(21)
+4 40 33333
+3 -1 33333
+3 * 33333
+4 * 33333
+4 +1 33333 0 33333
cfi=(4)
cfn=(8)
calls=33333 0x23e5e0 -29 
* * 3382195 586820 553487 0 473
+5 +1 33333 33333
fi=(8)
+8 162 33333 33333
fi=(21)
+8 41 33333 0 33333
fi=(8)
+8 163 33333
fi=(21)
+4 40 33333
fi=(8)
+3 163 33333 33333 0 0 37
+5 * 33333 33333
fi=(21)
+4 40 33333
+3 -1 33333 0 0 1 0 0 1
+3 * 33333
+4 * 33333
+4 +1 33333 0 33333
cfi=(4)
cfn=(8)
calls=33333 0x23e5e0 -29 
* * 3382629 586851 553518 0 507 1 0 0 1
+5 +1 33333 33333
fi=(8)
+8 162 33333 33333
fi=(21)
+8 41 33333 0 33333
fi=(8)
+8 163 33333
fi=(21)
+4 40 33333
fi=(8)
+3 163 33333 33333 0 0 56
+5 * 33333 33333
fi=(21)
+4 40 33333
+3 -1 33333
+3 * 33333 0 0 1 0 0 1
+4 * 33333
+4 +1 33333 0 33333
cfi=(4)
cfn=(8)
calls=33333 0x23e5e0 -29 
* * 3379997 586663 553330 0 510
+5 +1 33333 33333
fi=(8)
+8 162 33333 33333
fi=(21)
+8 41 33333 0 33333
fi=(8)
+8 163 33333
fi=(21)
+4 40 33333
fi=(8)
+3 163 33333 33333 0 0 41
+5 * 33333 33333
fi=(21)
+4 40 33333
+3 -1 33333
+3 * 33333
+4 * 33333 0 0 1 0 0 1
+4 +1 33333 0 33333
cfi=(4)
cfn=(8)
calls=33333 0x23e5e0 -29 
* * 3381425 586765 553432 0 509
+5 +1 33333 33333
fi=(8)
+8 162 33333 33333
fi=(21)
+8 41 33333 0 33333
fi=(8)
+8 163 33333
fi=(21)
+4 40 33333
fi=(8)
+3 163 33333 33333 0 0 47
+5 * 33333 33333
fi=(21)
+4 40 33333
+3 -1 33333
+3 * 33333
+4 * 33333
+4 +1 33333 0 33333 1 0 0 1
cfi=(4)
cfn=(8)
calls=33333 0x23e5e0 -29 
* * 3381635 586780 553447 0 495
+5 +1 33333 33333
fi=(8)
+8 162 33333 33333
fi=(21)
+8 41 33333 0 33333
fi=(8)
+8 163 33333
fi=(21)
+4 40 33333
fi=(8)
+3 163 33333 33333 0 0 38
+5 * 33333 33333
fi=(21)
+4 40 33333
+3 -1 33333
+3 * 33333
+4 * 33333
+4 +1 33333 0 33333
cfi=(4)
cfn=(8)
calls=33333 0x23e5e0 -29 
* * 3382797 586863 553530 0 464 1 0 0 1
+5 +1 33333 33333 0 1 0 0 1
fi=(8)
+8 162 33333 33333
fi=(21)
+8 41 33333 0 33333
fi=(8)
+8 163 33333
fi=(21)
+4 40 33333
fi=(8)
+3 163 33333 33333 0 0 40
+5 * 33333 33333
fi=(21)
+4 40 33333
+3 -1 33333
+3 * 33333
+4 * 33333
+4 +1 33333 0 33333
cfi=(4)
cfn=(8)
calls=33333 0x23e5e0 -29 
* * 3382923 586872 553539 0 475
+5 +1 33333 33333
fi=(8)
+8 162 33333 33333 0 1 0 0 1
fi=(21)
+8 41 33333 0 33333
fi=(8)
+8 163 33333
fi=(21)
+4 40 33333
fi=(8)
+3 163 33333 33333 0 0 43
+5 * 33333 33333
fi=(21)
+4 40 33333
+3 -1 33333
+3 * 33333
+4 * 33333
+4 +1 33333 0 33333
cfi=(4)
cfn=(8)
calls=33333 0x23e5e0 -29 
* * 3381761 586789 553456 0 500
+5 +1 33333 33333
fi=(8)
+8 162 33333 33333 0 1 0 0 1
fi=(21)
+8 41 33333 0 33333
fi=(8)
+8 163 33333
fi=(21)
+4 40 33333
fi=(8)
+3 163 33333 33333 0 0 39
+5 * 33333 33333
fi=(21)
+4 40 33333
+3 -1 33333
+3 * 33333
+4 * 33333
+4 +1 33333 0 33333
cfi=(4)
cfn=(8)
calls=33333 0x23e5e0 -29 
* * 3382881 586869 553536 0 498
+5 +1 33333 33333
fi=(8)
+8 162 33333 33333
fi=(21)
+8 41 33333 0 33333 1 0 0 1
fi=(8)
+8 163 33333
fi=(21)
+4 40 33333
fi=(8)
+3 163 33333 33333 0 0 54
+5 * 33333 33333
fi=(21)
+4 40 33333
+3 -1 33333
+3 * 33333
+4 * 33333
+4 +1 33333 0 33333
cfi=(4)
cfn=(8)
calls=33333 0x23e5e0 -29 
* * 3382111 586814 553481 0 535
+5 +1 33333 33333
fi=(8)
+8 162 33333 33333
fi=(21)
+8 41 33333 0 33333
fi=(8)
+8 163 33333 0 0 1 0 0 1
fi=(21)
+4 40 33333
fi=(8)
+3 163 33333 33333 0 0 46
+5 * 33333 33333
fi=(21)
+4 40 33333
+3 -1 33333
+3 * 33333
+4 * 33333
+4 +1 33333 0 33333
cfi=(4)
cfn=(8)
calls=33333 0x23e5e0 -29 
* * 3381649 586781 553448 0 503 1 0 0 1
+5 +1 33333 33333
fi=(8)
+8 162 33333 33333
fi=(21)
+8 41 33333 0 33333
fi=(8)
+8 163 33333
fi=(21)
+4 40 33333 0 0 1 0 0 1
fi=(8)
+3 163 33333 33333 0 0 50
+5 * 33333 33333
fi=(21)
+4 40 33333
+3 -1 33333
+3 * 33333
+4 * 33333
+4 +1 33333 0 33333
cfi=(4)
cfn=(8)
calls=33333 0x23e5e0 -29 
* * 3381957 586803 553470 0 519
+5 +1 33333 33333
fi=(8)
+8 162 33333 33333
fi=(21)
+8 41 33333 0 33333
fi=(8)
+8 163 33333
fi=(21)
+4 40 33333
fi=(8)
+3 163 33333 33333 0 1 40 0 1
+5 * 33333 33333
fi=(21)
+4 40 33333
+3 -1 33333
+3 * 33333
+4 * 33333
+4 +1 33333 0 33333
cfi=(4)
cfn=(8)
calls=33333 0x23e5e0 -29 
* * 3379955 586660 553327 0 500
+5 +1 33333 33333
fi=(8)
+8 162 33333 33333
fi=(21)
+8 41 33333 0 33333
fi=(8)
+8 163 33333
fi=(21)
+4 40 33333
fi=(8)
+3 163 33333 33333 0 0 43
+5 * 33333 33333 0 1 0 0 1
fi=(21)
+4 40 33333
+3 -1 33333
+3 * 33333
+4 * 33333
+4 +1 33333 0 33333
cfi=(4)
cfn=(8)
calls=33333 0x23e5e0 -29 
* * 3382811 586864 553531 0 510 1 0 0 1
+5 +1 33333 33333
fi=(8)
+8 162 33333 33333
fi=(21)
+8 41 33333 0 33333
fi=(8)
+8 163 33333
fi=(21)
+4 40 33333
fi=(8)
+3 163 33333 33333 0 0 42
+5 * 33333 33333
fi=(21)
+4 40 33333
+3 -1 33333 0 0 1 0 0 1
+3 * 33333
+4 * 33333
+4 +1 33333 0 33333
cfi=(4)
cfn=(8)
calls=33333 0x23e5e0 -29 
* * 3380137 586673 553340 0 485
+5 +1 33333 33333
fi=(8)
+8 162 33333 33333
fi=(21)
+8 41 33333 0 33333
fi=(8)
+8 163 33333
fi=(21)
+4 40 33333
fi=(8)
+3 163 33333 33333 0 0 44
+5 * 33333 33333
fi=(21)
+4 40 33333
+3 -1 33333
+3 * 33333 0 0 1 0 0 1
+4 * 33333
+4 +1 33333 0 33333
cfi=(4)
cfn=(8)
calls=33333 0x23e5e0 -29 
* * 3381341 586759 553426 0 473 2 0 0 2
+5 +1 33333 33333
+8 -16 33333
+5 * 33333
+3 +16 33333 0 33333
+8 -16 33333
+3 * 33333 33333
+7 * 33333 0 33333 0 0 5
+4 * 33333 0 33333
cfi=(22) /usr/lib/zig/std/io/writer.zig
cfn=(88) io.writer.Writer(fs.file.File,error{DiskQuota,FileTooBig,InputOutput,NoSpaceLeft,DeviceBusy,InvalidArgument,AccessDenied,BrokenPipe,SystemResources,OperationAborted,NotOpenForWriting,LockViolation,WouldBlock,ConnectionResetByPeer,Unexpected},(function 'write')).writeAll
calls=33333 0x217e20 -5 
* * 1299987 199998 99999 3 1 0 3 1
+5 * 33333
+3 * 33333
+6 -25 33333 33333 0 1 0 0 1
+5 26 33333 0 33333
fi=(8)
+12 152 33333
+6 * 33333
jcnd=33332/33333 0x214440 0 
* * 
+6 0 1 1
+8 0 1 1
+5 0 1
+3 0 1
+3 169 1
+6 0 1 1
+7 0 1 1 0 1 0 0 1
+7 0 1 1
+7 0 1 1
fi=(21)
+7 45 1 1
fi=(8)
+8 169 1
+3 * 1
+3 * 1 0 1
+8 * 1
+3 * 1
+4 * 1
+6 0 1
+2 0 1 0 1
+5 0 1 0 1
+5 0 1
fi=(23) /usr/lib/zig/std/rand/Xoshiro256.zig
+1 26 1 0 0 1 0 0 1
+4 -26 1 0 1
fi=(8)
+5 170 1
fi=(23)
+10 28 1
+3 * 1
+4 +2 1
+3 +1 1
fi=(16)
+3 651 1
fi=(23)
+6 32 1
+3 +3 1
+3 -9 1
+3 +7 1
fi=(16)
+3 651 1
fi=(8)
+6 170 1
+5 * 1
+3 * 1 0 0 1 0 0 1
+3 * 1
+3 * 1
+3 * 1
+4 * 1
+8 * 1
fi=(21)
+3 45 1
fi=(8)
+8 170 1
fi=(21)
+3 45 1
fi=(8)
+3 171 1
fi=(21)
+4 45 1
fi=(8)
+3 171 1 1
+7 * 1 1
fi=(21)
+7 45 1
+3 -45 1 0 0 1 0 0 1
+3 45 1 0 1
cfi=(4)
cfn=(8)
calls=1 0x23e5e0 -34 
* * 43 7 6
fi=(23)
0x215fc0 -19 3
+4 -26 3 0 3
fi=(8)
+5 170 3
fi=(23)
+10 28 3
+3 * 3
+4 +2 3
+3 +1 3
fi=(16)
+3 651 3
fi=(23)
+6 32 3
+3 +3 3
+3 -9 3
+3 +7 3
fi=(16)
+3 651 3
fi=(8)
+6 170 3
+5 * 3
+3 * 3
+3 * 3
+3 * 3
+3 * 3
+4 * 3
+8 * 3
fi=(21)
+3 45 3
fi=(8)
+8 170 3
fi=(21)
+3 45 3
fi=(8)
+3 171 3
fi=(21)
+4 45 3
fi=(8)
+3 171 3 3
+7 * 3 3
fi=(21)
+7 45 3
+3 -45 3
+3 45 3 0 3
cfi=(4)
cfn=(8)
calls=3 0x23e5e0 -34 
* * 124 20 17
+5 * 4 4
+5 +1 4 4
+8 * 4 4
fi=(8)
+5 169 4
fi=(21)
+3 46 4 0 4
fi=(8)
+8 169 4
+3 * 4
jfi=(23)
jcnd=3/4 0x215fc0 26 
* * 
+6 0 1 1
fi=(23)
+5 32 1 0 1
+7 +1 1 0 1
+7 +2 1 0 1 1 0 0 1
+7 +2 1 0 1
fi=(8)
+7 169 1
+3 * 1 1
+9 * 1
+8 * 1
+6 * 1
fi=(23)
+9 26 1
+4 +2 1
+3 * 1 0 1
+5 * 1
+4 +2 1 0 0 1 0 0 1
+3 +1 1
fi=(16)
+3 651 1
fi=(23)
+6 32 1
+3 +3 1
+3 * 1
fi=(16)
+10 651 1
fi=(23)
+6 26 1
+3 +7 1
+3 * 1 0 1
fi=(8)
+5 170 1
+5 * 1
+3 * 1
+3 * 1
+3 * 1
+3 * 1 0 0 1 0 0 1
+4 * 1
+8 * 1
+3 * 1
+8 * 1
fi=(21)
+3 45 1
fi=(8)
+3 171 1
fi=(21)
+4 45 1
fi=(8)
+3 171 1 1
+7 * 1 1
fi=(21)
+7 45 1
+3 * 1 0 1
cfi=(4)
cfn=(8)
calls=1 0x23e5e0 -34 
* * 33 5 4
fi=(23)
0x2160b0 -19 11
+4 +2 11
+3 * 11 0 11
+5 * 11
+4 +2 11
+3 +1 11
fi=(16)
+3 651 11
fi=(23)
+6 32 11
+3 +3 11
+3 * 11
fi=(16)
+10 651 11
fi=(23)
+6 26 11
+3 +7 11
+3 * 11 0 11
fi=(8)
+5 170 11
+5 * 11
+3 * 11
+3 * 11
+3 * 11
+3 * 11
+4 * 11
+8 * 11
+3 * 11
+8 * 11
fi=(21)
+3 45 11
fi=(8)
+3 171 11
fi=(21)
+4 45 11
fi=(8)
+3 171 11 11
+7 * 11 11
fi=(21)
+7 45 11
+3 * 11 0 11
cfi=(4)
cfn=(8)
calls=11 0x23e5e0 -34 
* * 438 70 59
+5 -45 12 12
fi=(23)
+5 30 12
fi=(21)
+3 +16 12 12 0 1 0 0 1
fi=(23)
+8 -18 12
+3 * 12
+4 -2 12
+4 +5 12
fi=(21)
+3 +15 12 0 12
fi=(23)
+8 -14 12
+3 +3 12
fi=(16)
+3 651 12
+6 * 12
fi=(23)
+6 26 12
+3 +7 12
fi=(8)
+3 170 12
+10 0 12 0 12 1 0 0 1
+5 170 12
+5 * 12
+3 * 12
+3 * 12
+3 * 12
+3 * 12
+4 * 12
+8 * 12
fi=(21)
+3 45 12
fi=(8)
+8 170 12
fi=(21)
+3 45 12
fi=(8)
+3 171 12
fi=(21)
+4 45 12
fi=(8)
+3 171 12 12 0 1 0 0 1
+7 * 12 12
fi=(21)
+7 45 12
+3 * 12 0 12
cfi=(4)
cfn=(8)
calls=12 0x23e5e0 -34 
* * 481 77 65
+5 -45 12 12
fi=(23)
+5 30 12
fi=(21)
+3 +16 12 12
fi=(23)
+8 -18 12
+3 * 12
+4 -2 12
+4 +5 12
fi=(21)
+3 +15 12 0 12
fi=(23)
+8 -14 12
+3 +3 12
fi=(16)
+3 651 12 0 0 1 0 0 1
+6 * 12
fi=(23)
+6 26 12
+3 +7 12
fi=(8)
+3 170 12
+10 0 12 0 12
+5 170 12
+5 * 12
+3 * 12
+3 * 12
+3 * 12
+3 * 12
+4 * 12
+8 * 12
fi=(21)
+3 45 12 0 0 1 0 0 1
fi=(8)
+8 170 12
fi=(21)
+3 45 12
fi=(8)
+3 171 12
fi=(21)
+4 45 12
fi=(8)
+3 171 12 12
+7 * 12 12
fi=(21)
+7 45 12
+3 * 12 0 12
cfi=(4)
cfn=(8)
calls=12 0x23e5e0 -34 
* * 491 79 67
+5 -45 12 12
fi=(23)
+5 30 12
fi=(21)
+3 +16 12 12
fi=(23)
+8 -18 12
+3 * 12
+4 -2 12 0 0 1 0 0 1
+4 +5 12
fi=(21)
+3 +15 12 0 12
fi=(23)
+8 -14 12
+3 +3 12
fi=(16)
+3 651 12
+6 * 12
fi=(23)
+6 26 12
+3 +7 12
fi=(8)
+3 170 12
+10 0 12 0 12
+5 170 12
+5 * 12
+3 * 12
+3 * 12 0 0 1 0 0 1
+3 * 12
+3 * 12
+4 * 12
+8 * 12
fi=(21)
+3 45 12
fi=(8)
+8 170 12
fi=(21)
+3 45 12
fi=(8)
+3 171 12
fi=(21)
+4 45 12
fi=(8)
+3 171 12 12
+7 * 12 12
fi=(21)
+7 45 12
+3 * 12 0 12
cfi=(4)
cfn=(8)
calls=12 0x23e5e0 -34 
* * 471 75 63
+5 -45 12 12 0 1 0 0 1
fi=(23)
+5 30 12
fi=(21)
+3 +16 12 12
fi=(23)
+8 -18 12
+3 * 12
+4 -2 12
+4 +5 12
fi=(21)
+3 +15 12 0 12
fi=(23)
+8 -14 12
+3 +3 12
fi=(16)
+3 651 12
+6 * 12
fi=(23)
+6 26 12
+3 +7 12
fi=(8)
+3 170 12 0 0 1 0 0 1
+10 0 12 0 12
+5 170 12
+5 * 12
+3 * 12
+3 * 12
+3 * 12
+3 * 12
+4 * 12
+8 * 12
fi=(21)
+3 45 12
fi=(8)
+8 170 12
fi=(21)
+3 45 12
fi=(8)
+3 171 12
fi=(21)
+4 45 12 0 0 1 0 0 1
fi=(8)
+3 171 12 12
+7 * 12 12
fi=(21)
+7 45 12
+3 * 12 0 12
cfi=(4)
cfn=(8)
calls=12 0x23e5e0 -34 
* * 461 73 61
+5 -45 12 12
fi=(23)
+5 30 12
fi=(21)
+3 +16 12 12
fi=(23)
+8 -18 12
+3 * 12
+4 -2 12
+4 +5 12
fi=(21)
+3 +15 12 0 12
fi=(23)
+8 -14 12 0 0 1 0 0 1
+3 +3 12
fi=(16)
+3 651 12
+6 * 12
fi=(23)
+6 26 12
+3 +7 12
fi=(8)
+3 170 12
+10 0 12 0 12
+5 170 12
+5 * 12
+3 * 12
+3 * 12
+3 * 12
+3 * 12
+4 * 12 0 0 1 0 0 1
+8 * 12
fi=(21)
+3 45 12
fi=(8)
+8 170 12
fi=(21)
+3 45 12
fi=(8)
+3 171 12
fi=(21)
+4 45 12
fi=(8)
+3 171 12 12
+7 * 12 12
fi=(21)
+7 45 12
+3 * 12 0 12
cfi=(4)
cfn=(8)
calls=12 0x23e5e0 -34 
* * 461 73 61
+5 -45 12 12
fi=(23)
+5 30 12
fi=(21)
+3 +16 12 12
fi=(23)
+8 -18 12 0 0 1 0 0 1
+3 * 12
+4 -2 12
+4 +5 12
+3 +1 12
+3 +3 12
fi=(21)
+3 +11 12 0 12
fi=(16)
+8 651 12
+6 * 12
fi=(23)
+6 26 12
+3 +7 12
fi=(8)
+3 170 12
+10 * 12
+5 * 12
+3 * 12 0 0 1 0 0 1
+3 * 12
+3 * 12
+3 * 12
+4 * 12
+8 * 12
fi=(21)
+3 45 12
fi=(8)
+8 170 12
fi=(21)
+3 45 12
fi=(8)
+3 171 12
fi=(21)
+4 45 12
fi=(8)
+3 171 12 12
+7 * 12 12
fi=(21)
+7 45 12
+3 -45 12 0 0 1 0 0 1
+3 45 12 0 12
cfi=(4)
cfn=(8)
calls=12 0x23e5e0 -34 
* * 491 79 67
fi=(23)
+5 -19 12
fi=(8)
+4 170 12
fi=(21)
+10 46 12 12
fi=(23)
+8 -18 12
+3 * 12
+4 +2 12
+3 +1 12
fi=(16)
+3 651 12
fi=(23)
+6 32 12
+3 +3 12
+3 -9 12
+3 +7 12
fi=(16)
+3 651 12 0 0 1 0 0 1
fi=(8)
+6 170 12
+5 * 12
fi=(21)
+3 46 12 0 12
+8 * 12
fi=(8)
+3 170 12
+3 * 12
+3 * 12
+3 * 12
+4 * 12
+8 * 12
fi=(21)
+3 45 12
fi=(8)
+8 170 12
fi=(21)
+3 45 12
fi=(8)
+3 171 12
+4 * 12 12 0 1 0 0 1
+7 * 12 12
fi=(21)
+7 45 12
+3 * 12 0 12
cfi=(4)
cfn=(8)
calls=12 0x23e5e0 -34 
* * 471 75 63
+5 -45 12 12
+5 46 12 12
fi=(8)
+8 169 12
fi=(21)
+4 46 12 0 12
fi=(8)
+8 169 12
jfi=(23)
jcnd=11/12 0x2160b0 26 
* * 
fi=(23)
+6 32 1 0 1
+7 +1 1 0 1 1 0 0 1
+7 +2 1 0 1
+7 +2 1 0 1
+7 * 1
jfi=(21)
jump=1 0x21670c -37 
* * 
fi=(21)
0x21670c -37 1 0 0 1 0 0 1
+8 25 1 1
+7 * 1
+5 * 1
+3 * 1 0 1
+4 * 1 0 1
cfi=(22)
cfn=(88)
calls=1 0x217e20 -5 
* * 39 6 3
+5 * 1
+3 * 1
jfi=(1)
jcnd=1/1 0x21689b -25 
* * 
fe=(1)
0x21689b -25 1 0 0 1 0 0 1
fi=(18)
+5 122 1
+5 * 1
fi=(21)
+5 -96 1 0 1
fi=(18)
+12 +96 1 0 1
+8 * 1 0 1 1 0 0 1
cfi=(22)
cfn=(88)
calls=1 0x217e20 20 
* * 39 6 3
+5 * 1 1
+5 * 1 1
+5 * 1 1
fi=(8)
+5 +53 1
+3 * 1
jcnd=1/1 0x216a68 65 
* * 
0x216a68 65 1 0 0 1 0 0 1
+4 * 1
+4 * 1 1
+3 * 1 1
fi=(13)
+4 +33 1
+5 * 1 0 0 1 0 0 1
+5 * 1
fi=(8)
+3 -32 1
+4 * 1
fi=(13)
+4 +32 1 0 1
cfi=(14)
cfn=(50)
calls=1 0x2193d0 788 
* * 75 14 13 0 1
fi=(8)
-28 -33 342 342 0 0 1
+3 * 342 342
fi=(13)
+4 +33 342
+5 * 342
+5 * 342
fi=(8)
+3 -32 342
+4 * 342
fi=(13)
+4 +32 342 0 342
cfi=(14)
cfn=(50)
calls=342 0x2193d0 788 
* * 25938 4872 4472 0 2 4
fi=(8)
+5 -33 343
+4 * 343
+3 * 343
jcnd=342/343 -40 * 
* * 
+2 -65 1 1
fi=(13)
+5 98 1
+5 * 1
+5 * 1
+3 * 1
fi=(12)
+3 4155 1
fi=(13)
+4 98 1 0 1
cfi=(14)
cfn=(50)
calls=1 0x2193d0 788 
* * 187 45 31 0 3
+5 -98 1 1
+5 0 1 0 0 1 0 0 1
fi=(11)
+5 872 1 1 0 0 1
+4 * 1 1
+4 +1 1
fi=(12)
+5 4155 1
+3 * 1
fi=(13)
+4 310 1
+2 98 1
+5 * 1
+5 * 1
+3 * 1 0 1
cfi=(14)
cfn=(50)
calls=1 0x2193d0 788 
* * 118 25 16 0 1
fi=(6)
+5 977 1 1
+7 0 1 1
+5 978 1
+3 * 1
jcnd=1/1 +25 0 
* * 
+25 0 1 0 0 1 0 0 1
fi=(5)
+5 36 1
+5 * 1
+5 * 1
fi=(9)
+2 213 1 1
+5 * 1 1
fi=(16)
+5 1543 1
+3 * 1
fi=(9)
+4 224 1
jcnd=1/1 +17 +90 
* * 
+17 +90 1 0 0 1 0 0 1
+3 * 1
+4 * 1
+4 0 1
+3 0 1
+3 261 1
+3 +1 1
+2 +1 1
+2 -1 1
+3 * 1
+7 * 1
+8 +1 1
fi=(8)
+3 36 1
+5 * 1 1 0 0 1 0 0 1
+8 * 1 1 0 1 0 0 1
+8 * 1
+6 * 1
+4 +1 1 1 0 0 1 0 0 1
+8 +1 1 0 1
+9 -38 1
+5 38 1
+3 * 1 0 1
cfi=(22)
cfn=(96) io.writer.Writer(fs.file.File,error{DiskQuota,FileTooBig,InputOutput,NoSpaceLeft,DeviceBusy,InvalidArgument,AccessDenied,BrokenPipe,SystemResources,OperationAborted,NotOpenForWriting,LockViolation,WouldBlock,ConnectionResetByPeer,Unexpected},(function 'write')).print__anon_4461
calls=1 0x217f20 -11 
* * 876 88 61 58 12 7 58 12 7
fe=(1)

fn=(0) (below main)
0x213050 243 1 0 0 1 0 0 1
+2 * 1 0 1 0 0 1 0 0 1
+7 * 1
+4 * 1 0 1 0 0 1 0 0 1
cfn=(2)
calls=1 +19 354 
* * 404595354 72837596 64360935 343 54179 1975 343 50 1959

fl=(12)
fn=(76)
0x218b50 4242 2
+7 * 2
+7 0 2
+3 4373 2
+7 * 2
fi=(17)
+7 84 2
+3 * 2
jcnd=1/2 +23 -84 
* * 
+2 +3 1
+3 * 1
jcnd=1/1 +22 -87 
* * 
+18 -87 1
+3 0 1 1
+1 0 1
+3 0 1
+3 0 1 1
fe=(12)

fl=(17)
fn=(56)
0x218ba0 99 1012 0 0 1 0 0 1
fi=(12)
+3 4242 1012
fi=(5)
+7 36 1012
fi=(12)
+5 4373 1012
fi=(5)
+7 36 1012
fe=(17)
+2 +71 1012 1012

fn=(38)
0x218ae0 15 1013 0 1013 1 0 0 1
+1 +4 1013
+7 * 1013
jcnd=1013/1013 +9 +14 
* * 
+9 +14 1013 1013 0 0 1 0 0 1
fi=(12)
+7 4242 1013
+7 0 1013 0 0 1 0 0 1
fi=(5)
+2 90 1013
+5 * 1013
+5 * 1013
+6 * 1013
+7 * 1013
fi=(12)
+3 4373 1013
fi=(5)
+7 90 1013
+2 * 1013
fi=(6)
+3 209 1013
fi=(7)
+6 4382 1013
jfi=(17)
jcnd=1013/1013 +10 43 
* * 
fe=(17)
+10 43 1013
+3 +1 1013
+3 * 1013
+3 * 1013 0 1013 1 0 0 1
+9 -44 1013
+3 0 1013 1013
+1 0 1013 1013

fl=(19)
fn=(72)
0x2197c0 1177 4 0 4 1 0 0 1
+1 +3 4 4
+3 -46 4 4
+4 0 4
+5 1134 4
+6 * 4
+3 * 4
+6 0 4
+3 0 4
fi=(30)
+10 130 4
+6 0 4
+10 168 4
+3 +1 4
+3 -35 4 0 0 1 0 0 1
+5 +37 4
+3 0 4
+10 171 4
+3 -37 4
+5 +9 4
fe=(19)
+3 959 4 4 0 0 3
+4 0 4
+3 1146 4
+4 * 4
+4 0 4
+3 1153 4 4
+5 792 4
+3 1153 4
+2 * 4
+3 * 4
+2 0 4 0 0 1 0 0 1
+4 0 4
+3 0 4
+12 784 4
+3 1154 4
+2 0 4
+4 1154 4
+3 * 4
+2 +1 4 4
fi=(31)
+4 804 4 4 0 0 3
fe=(19)
+4 1164 4
jcnd=4/4 +62 +1 
* * 
+35 +10 4 4
+3 +14 4
+8 +1 4
+4 -1 4 4
+4 +1 4 4
+4 * 4
+2 0 4
jump=4 +45 1183 
* 0 
+2 1165 4 0 4 1 0 0 1
+5 * 4 0 4
+5 * 4
+5 +9 4 4
+4 * 4
jcnd=4/4 -46 * 
* * 
+24 +9 4 4 0 1 0 0 1
+4 * 4 4
+5 -3 4 0 4
+3 * 4 0 4
+4 * 4 0 4
+3 +3 4 0 4
+4 * 4 0 4
+5 -3 4 4
+4 * 4 4
+4 * 4 0 4
+3 * 4 0 4
+3 * 4 4
+1 * 4 4

fn=(66)
0x23cde0 1508 1 0 1 1 0 0 1
+1 * 1 0 1 0 0 1 0 0 1
+2 * 1 0 1
+2 * 1 0 1
+2 * 1 0 1
+2 * 1 0 1
+1 * 1
+4 +2 1
+3 * 1
+6 * 1
+3 0 1
+3 1510 1 0 0 1 0 0 1
+4 +39 1
+8 +3 1
+3 * 1
+3 -3 1
+5 0 1
+10 1552 1
fi=(13)
+3 220 1
+3 * 1
fe=(19)
+2 1556 1 1
+3 * 1 1
fi=(13)
+4 193 1 1
+5 86 1
+5 * 1 1 1 0 0 1 0 0 1
cfi=(17)
cfn=(38)
calls=1 0x218ae0 -71 
* * 23 3 2
+2 * 1
+3 * 1
jcnd=1/1 +18 -86 
* * 
+18 -86 1 0 0 1 0 0 1
+5 0 1
fe=(19)
+4 1559 1
+4 0 1 0 1
+4 959 1
+3 * 1
+2 1453 1
+2 0 1
+4 1563 1
+3 1453 1
+3 1566 1
+3 -3 1 0 1 0 0 1 0 0 1
+3 +3 1 0 1
+4 +2 1 0 1
+4 1453 1 0 1 1 0 0 1
cfi=(3)
cfn=(6)
calls=1 0x23e6e0 12 
* * 44 1 8
+5 +65 1
+4 +2 1 1
+5 * 1
+10 -2 1
+4 * 1
+5 +2 1
jfi=(12)
jcnd=1/1 0x23d06f 3445 
* * 
fi=(12)
0x23d06f 3445 1 1 0 1 0 0 1
+4 +1 1 0 1
+4 * 1 0 1
+4 * 1 0 1
fe=(19)
+4 1573 1 0 0 1 0 0 1
+3 * 1
jfi=(12)
jcnd=1/1 +88 0 
* * 
fi=(12)
+88 0 1 0 0 1 0 0 1
+2 0 1
+4 0 1 1
+1 0 1 1
+2 0 1 1
+2 0 1 1
+2 0 1 1
+2 0 1 1
+1 0 1 1
fe=(19)

fl=(3)
fn=(6)
0x23e6e0 12 850 0 0 1 0 0 1
+3 +3 850
+3 * 850
+6 +6 850
+4 * 850
jcnd=412/850 +13 * 
* * 
+2 -21 438
+3 0 438
+3 0 438
jump=438 0x23e791 0 
* 0 
+5 21 412 0 0 1 0 0 1
+7 * 412
+2 -21 412
+2 0 412
jump=412 +66 21 
* 0 
+66 21 412 0 0 1 0 0 1
+3 * 412
+4 * 412
+4 * 412
+2 * 412
+3 * 412
+4 * 412
+5 * 412
+13 -2 412 0 412 0 0 1 0 0 1
+5 * 412
+4 * 412
+3 * 412
jcnd=345/412 -12 * 
* * 
-12 * 1032 0 1032 0 0 343 0 0 343
+5 * 1032
+4 * 1032
+3 * 1032
jcnd=687/1032 -12 * 
* * 
+2 +2 412 0 0 1 0 0 1
+3 * 412
+2 * 412
jump=412 +41 +5 
* * 
+14 -21 438
+2 0 438
+13 19 438 0 438
+4 +2 438
+3 * 438
+3 * 438
jcnd=389/438 -10 -2 
* * 
-10 -2 3055 0 3055
+4 +2 3055
+3 * 3055
+3 * 3055
jcnd=2666/3055 -10 -2 
* * 
+2 +5 850
+3 * 850 850

fl=(22)
fn=(88)
0x217e20 20 33338 0 33338 1 0 0 1
+2 * 33338 0 33338
+2 * 33338 0 33338
+1 * 33338
+2 +2 33338
+3 * 33338
+2 -22 33338
+6 0 33338
+3 0 33338
+3 0 33338
+3 0 33338
+3 23 33338 33338 0 1 0 0 1
+3 * 33338
+3 * 33338
+3 * 33338
fi=(7)
+4 1125 33338
+7 * 33338
fi=(5)
+4 46 33338
+5 * 33338
fi=(6)
+2 210 33338
+2 * 33338
+2 -1 33338
+6 +1 33338
fi=(7)
+3 1129 33338
+4 * 33338
+2 0 33338
+3 0 33338
+3 0 33338
+2 0 33338
+2 0 33338 33338 0 1 1 0 1 1
jfi=(22)
jump=33338 +7 23 
* 0 
fe=(22)
+7 23 33338
+3 -23 33338
+2 22 33338
+3 * 33338
+2 * 33338
jump=33338 +4 +1 
* * 
+4 +1 33338 33338
+1 * 33338 33338
+2 * 33338 33338
+2 * 33338 33338

fn=(96)
0x217f20 27 1 0 1 1 0 0 1
+1 * 1 0 1
+2 * 1 0 1
+2 * 1 0 1
+2 * 1 0 1
+2 * 1 0 1
+1 * 1
fi=(18)
+7 +95 1 1
+2 * 1
+3 0 1
+3 0 1
+5 122 1 0 0 1 0 0 1
+5 * 1
+5 * 1 0 1 0 0 1 0 0 1
+4 * 1 0 1 0 0 1 0 0 1
cfi=(22)
cfn=(88)
calls=1 0x217e20 20 
* * 39 6 3
+5 * 1
+3 * 1
+6 +62 1 1
fi=(32) /usr/lib/zig/std/math/signbit.zig
+5 9 1
+5 * 1
fi=(18)
+3 1264 1
+2 0 1
fi=(33) /usr/lib/zig/std/math/isnan.zig
+3 8 1
fi=(18)
+4 1269 1
fi=(24) /usr/lib/zig/std/math/float.zig
+2 97 1 1 0 0 1 0 0 1
fi=(34) /usr/lib/zig/std/math/isinf.zig
+8 -82 1
jfi=(25) /usr/lib/zig/std/io/fixed_buffer_stream.zig
jcnd=1/1 +82 -15 
* * 
fi=(25)
+82 -15 1 0 0 1 0 0 1
fi=(18)
+4 1275 1
+4 * 1
jfi=(26)
jcnd=1/1 0x218045 83 
* * 
fi=(25)
+31 0 1
fi=(18)
+8 813 1
+5 * 1 0 0 1 0 0 1
+3 * 1
+3 * 1
+3 * 1 0 1
cfn=(110) fmt.formatBuf__anon_5390
calls=1 0x219b90 1019 
* * 66 15 11 3 0 2 3 0 2
+5 184 1
+3 * 1
+2 -62 1 1
+2 * 1
+8 * 1
+5 * 1
+5 * 1 0 1
+7 * 1 0 1
cfi=(22)
cfn=(88)
calls=1 0x217e20 20 
* * 39 6 3
fe=(22)
+5 -94 1
+7 * 1 1
+1 * 1 1
+2 * 1 1
+2 * 1 1
+2 * 1 1
+2 * 1 1
+1 * 1 1
fi=(26)
+1 +55 1 0 0 1 0 0 1
+5 -83 1
+5 0 1
+2 0 1
jump=1 +35 208 
* 0 
+15 0 3
+5 0 3
+3 0 3
+3 207 3
+7 * 3
+2 +1 9 9 0 0 7 0 0 7
+8 * 9
jcnd=3/9 -28 0 
* * 
+2 0 6 0 0 1 0 0 1
+5 0 6
+3 207 6
+7 * 6
jcnd=5/6 -25 +1 
* * 
+2 85 1
+6 * 1
+2 * 1 1
+8 * 1
jcnd=1/1 +50 +19 
* * 
+50 +19 1 1 0 1 0 0 1
+8 -6 1
+5 +6 1
jcnd=1/1 0x21850e +2 
* * 
0x21850e +2 1 1 0 1 0 0 1
+8 * 1
jcnd=1/1 0x218658 0 
* * 
0x218658 0 1 0 0 1 0 0 1
+5 0 1
+3 0 1 0 1
cfn=(106)
calls=1 0x219f60 112 
* 0 477 24 21 37 4 2 37 4 2
+5 0 1 1
+5 0 1 1
+5 0 1 1
+4 0 1
jump=1 +63 31 
* 0 
+63 31 1 0 0 1 0 0 1
+2 * 1
+2 -31 1
+2 32 1
+4 -32 1
jump=1 +25 51 
* 0 
+25 51 1 0 0 1 0 0 1
+3 * 1
+2 * 1 1
+5 * 1
+3 * 1
+3 * 1
jcnd=1/1 +79 -51 
* * 
+79 -51 1 0 0 1 0 0 1
fi=(18)
+2 1299 1
+2 +3 1
+3 * 1 0 1
+4 -3 1 0 0 1 0 0 1
+3 +3 1
+3 * 1 0 1
+5 * 1
+4 -3 1
+2 +5 1
fe=(22)
+6 22 1
+3 * 1
+2 -22 1
+2 0 1
fi=(25)
+3 63 1
+7 * 1
+6 -63 1 1
fe=(22)
+4 23 1
+3 * 1
fi=(25)
+3 +42 1
+6 +5 1 0 0 1 0 0 1
+8 -5 1
+4 * 1
+3 * 1
+7 * 1
+4 +5 1
fe=(22)
+3 -47 1
fi=(25)
+4 +47 1 0 1
cfi=(4)
cfn=(8)
calls=1 0x23e5e0 -59 
* * 10 2 1 0 0 1 0 0 1
+5 +1 1
+3 +2 1
+3 * 1
fe=(22)
+6 -50 1
+3 -1 1
+3 * 1
+2 -22 1 1
fi=(18)
+5 1309 1
+3 * 1 0 0 1 0 0 1
jfi=(25)
jcnd=1/1 0x218898 63 
* * 
fi=(25)
0x218898 63 1 0 0 1 0 0 1
+7 * 1
+6 +7 1 0 1
+9 +1 1
+3 -71 1
+3 0 1 0 1
fi=(18)
+4 1344 1
+3 * 1
+3 * 1 0 0 1 0 0 1
+5 * 1
+3 * 1
fe=(22)
+2 22 1
+3 * 1
+6 -22 1
fi=(25)
+3 63 1
+7 * 1
+6 -63 1 1
fe=(22)
+4 23 1
+3 * 1
fi=(25)
+3 +42 1
+6 +5 1
+8 -5 1
+4 * 1
+3 * 1 0 0 1 0 0 1
+7 * 1
+4 +5 1
fe=(22)
+3 -47 1
fi=(25)
+4 +47 1
+3 * 1 0 1
cfi=(4)
cfn=(8)
calls=1 0x23e5e0 -59 
* * 33 5 4
+5 +1 1
+3 +2 1
+3 * 1
fe=(22)
+6 -50 1
+3 -1 1
+3 * 1
+2 * 1
jfi=(25)
jump=1 0x217ff3 -22 
* * 

fl=(18)
fn=(110)
0x219b90 1019 1 0 1 1 0 0 1
+1 * 1 0 1
+2 * 1 0 1
+2 * 1 0 1
+2 * 1 0 1
+2 * 1 0 1
+1 * 1
+7 +1 1 1
+4 * 1
+3 0 1
+3 0 1
+3 1020 1
jcnd=1/1 0x219cf1 +27 
* * 
0x219cf1 +27 1 1 0 1 0 0 1
+4 * 1
+5 * 1 0 1 0 0 1 0 0 1
+4 * 1
jump=1 +15 0 
* * 
+15 0 1 0 0 1 0 0 1
+3 0 1
+3 0 1 0 1 0 0 1 0 0 1
cfi=(22)
cfn=(88)
calls=1 0x217e20 20 
* 0 39 6 3
+5 0 1
+7 0 1 1
+1 0 1 1
+2 0 1 1
+2 0 1 1
+2 0 1 1
+2 0 1 1
+1 0 1 1

totals: 404595355 72837596 64360937 344 54179 1977 344 50 1961
